<?xml version="1.0" encoding="UTF-8"?>
<robot generator="Robot 7.1.1 (Python 3.13.1 on darwin)" generated="2025-02-18T15:59:35.373295" rpa="false" schemaversion="5">
<suite id="s1" name="Tests" source="/Users/angeline.rohan/Desktop/QA Automation_Thinx.robot.py/ThinxAutomation1/Thinx-Automation1/tests">
<suite id="s1-s1" name="CookieSettings" source="/Users/angeline.rohan/Desktop/QA Automation_Thinx.robot.py/ThinxAutomation1/Thinx-Automation1/tests/CookieSettings">
<suite id="s1-s1-s1" name="CookieSettings TC004 Test" source="/Users/angeline.rohan/Desktop/QA Automation_Thinx.robot.py/ThinxAutomation1/Thinx-Automation1/tests/CookieSettings/CookieSettings_TC004_Test.robot">
<test id="s1-s1-s1-t1" name="Open Thinx" line="22">
<kw name="Open Thinx Homepage Using Chrome Browser" owner="resources" type="SETUP">
<kw name="Open Browser" owner="SeleniumLibrary">
<msg time="2025-02-18T15:59:35.628579" level="INFO">Opening browser 'Chrome' to base url 'https://www.thinx.com/'.</msg>
<arg>${ThinxHomepage}</arg>
<arg>Chrome</arg>
<doc>Opens a new browser instance to the optional ``url``.</doc>
<status status="PASS" start="2025-02-18T15:59:35.628436" elapsed="3.556660"/>
</kw>
<kw name="Maximize Browser Window" owner="SeleniumLibrary">
<doc>Maximizes current browser window.</doc>
<status status="PASS" start="2025-02-18T15:59:39.187911" elapsed="0.385807"/>
</kw>
<status status="PASS" start="2025-02-18T15:59:35.628016" elapsed="3.946109"/>
</kw>
<kw name="Reject All Cookies" owner="CookieSettings_TC004_Steps">
<kw name="Wait Until Element Is Visible" owner="SeleniumLibrary">
<arg>${RejectCookies}</arg>
<doc>Waits until the element ``locator`` is visible.</doc>
<status status="PASS" start="2025-02-18T15:59:39.574898" elapsed="0.277158"/>
</kw>
<kw name="Element Should Be Visible" owner="SeleniumLibrary">
<msg time="2025-02-18T15:59:39.862334" level="INFO">Element '//button[@id='onetrust-reject-all-handler']' is displayed.</msg>
<arg>locator=${RejectCookies}</arg>
<doc>Verifies that the element identified by ``locator`` is visible.</doc>
<status status="PASS" start="2025-02-18T15:59:39.852324" elapsed="0.010095"/>
</kw>
<kw name="Click Element" owner="SeleniumLibrary">
<msg time="2025-02-18T15:59:39.862942" level="INFO">Clicking element '//button[@id='onetrust-reject-all-handler']'.</msg>
<msg time="2025-02-18T15:59:41.473591" level="INFO" html="true">&lt;/td&gt;&lt;/tr&gt;&lt;tr&gt;&lt;td colspan="3"&gt;&lt;a href="../../results/selenium-screenshot-325.png"&gt;&lt;img src="../../results/selenium-screenshot-325.png" width="800px"&gt;&lt;/a&gt;</msg>
<msg time="2025-02-18T15:59:41.473871" level="FAIL">ElementClickInterceptedException: Message: element click intercepted: Element is not clickable at point (1146, 764)
  (Session info: chrome=133.0.6943.99)
Stacktrace:
0   chromedriver                        0x0000000102fd6bac cxxbridge1$str$ptr + 2724820
1   chromedriver                        0x0000000102fcf20c cxxbridge1$str$ptr + 2693684
2   chromedriver                        0x0000000102b35afc cxxbridge1$string$len + 93348
3   chromedriver                        0x0000000102b82398 cxxbridge1$string$len + 406848
4   chromedriver                        0x0000000102b80928 cxxbridge1$string$len + 400080
5   chromedriver                        0x0000000102b7e73c cxxbridge1$string$len + 391396
6   chromedriver                        0x0000000102b7db38 cxxbridge1$string$len + 388320
7   chromedriver                        0x0000000102b72630 cxxbridge1$string$len + 341976
8   chromedriver                        0x0000000102b720bc cxxbridge1$string$len + 340580
9   chromedriver                        0x0000000102bbdb94 cxxbridge1$string$len + 650556
10  chromedriver                        0x0000000102b70ba0 cxxbridge1$string$len + 335176
11  chromedriver                        0x0000000102f9f664 cxxbridge1$str$ptr + 2498188
12  chromedriver                        0x0000000102fa2978 cxxbridge1$str$ptr + 2511264
13  chromedriver                        0x0000000102f84d04 cxxbridge1$str$ptr + 2389292
14  chromedriver                        0x0000000102fa3220 cxxbridge1$str$ptr + 2513480
15  chromedriver                        0x0000000102f75cec cxxbridge1$str$ptr + 2327828
16  chromedriver                        0x0000000102fbf8d4 cxxbridge1$str$ptr + 2629884
17  chromedriver                        0x0000000102fbfa5c cxxbridge1$str$ptr + 2630276
18  chromedriver                        0x0000000102fcee80 cxxbridge1$str$ptr + 2692776
19  libsystem_pthread.dylib             0x00000001893b5f94 _pthread_start + 136
20  libsystem_pthread.dylib             0x00000001893b0d34 thread_start + 8
</msg>
<arg>locator=${RejectCookies}</arg>
<doc>Click the element identified by ``locator``.</doc>
<status status="FAIL" start="2025-02-18T15:59:39.862595" elapsed="1.640557">ElementClickInterceptedException: Message: element click intercepted: Element is not clickable at point (1146, 764)
  (Session info: chrome=133.0.6943.99)
Stacktrace:
0   chromedriver                        0x0000000102fd6bac cxxbridge1$str$ptr + 2724820
1   chromedriver                        0x0000000102fcf20c cxxbridge1$str$ptr + 2693684
2   chromedriver                        0x0000000102b35afc cxxbridge1$string$len + 93348
3   chromedriver                        0x0000000102b82398 cxxbridge1$string$len + 406848
4   chromedriver                        0x0000000102b80928 cxxbridge1$string$len + 400080
5   chromedriver                        0x0000000102b7e73c cxxbridge1$string$len + 391396
6   chromedriver                        0x0000000102b7db38 cxxbridge1$string$len + 388320
7   chromedriver                        0x0000000102b72630 cxxbridge1$string$len + 341976
    [ Message content over the limit has been removed. ]
...er                        0x0000000102b70ba0 cxxbridge1$string$len + 335176
11  chromedriver                        0x0000000102f9f664 cxxbridge1$str$ptr + 2498188
12  chromedriver                        0x0000000102fa2978 cxxbridge1$str$ptr + 2511264
13  chromedriver                        0x0000000102f84d04 cxxbridge1$str$ptr + 2389292
14  chromedriver                        0x0000000102fa3220 cxxbridge1$str$ptr + 2513480
15  chromedriver                        0x0000000102f75cec cxxbridge1$str$ptr + 2327828
16  chromedriver                        0x0000000102fbf8d4 cxxbridge1$str$ptr + 2629884
17  chromedriver                        0x0000000102fbfa5c cxxbridge1$str$ptr + 2630276
18  chromedriver                        0x0000000102fcee80 cxxbridge1$str$ptr + 2692776
19  libsystem_pthread.dylib             0x00000001893b5f94 _pthread_start + 136
20  libsystem_pthread.dylib             0x00000001893b0d34 thread_start + 8</status>
</kw>
<status status="FAIL" start="2025-02-18T15:59:39.574495" elapsed="1.928883">ElementClickInterceptedException: Message: element click intercepted: Element is not clickable at point (1146, 764)
  (Session info: chrome=133.0.6943.99)
Stacktrace:
0   chromedriver                        0x0000000102fd6bac cxxbridge1$str$ptr + 2724820
1   chromedriver                        0x0000000102fcf20c cxxbridge1$str$ptr + 2693684
2   chromedriver                        0x0000000102b35afc cxxbridge1$string$len + 93348
3   chromedriver                        0x0000000102b82398 cxxbridge1$string$len + 406848
4   chromedriver                        0x0000000102b80928 cxxbridge1$string$len + 400080
5   chromedriver                        0x0000000102b7e73c cxxbridge1$string$len + 391396
6   chromedriver                        0x0000000102b7db38 cxxbridge1$string$len + 388320
7   chromedriver                        0x0000000102b72630 cxxbridge1$string$len + 341976
    [ Message content over the limit has been removed. ]
...er                        0x0000000102b70ba0 cxxbridge1$string$len + 335176
11  chromedriver                        0x0000000102f9f664 cxxbridge1$str$ptr + 2498188
12  chromedriver                        0x0000000102fa2978 cxxbridge1$str$ptr + 2511264
13  chromedriver                        0x0000000102f84d04 cxxbridge1$str$ptr + 2389292
14  chromedriver                        0x0000000102fa3220 cxxbridge1$str$ptr + 2513480
15  chromedriver                        0x0000000102f75cec cxxbridge1$str$ptr + 2327828
16  chromedriver                        0x0000000102fbf8d4 cxxbridge1$str$ptr + 2629884
17  chromedriver                        0x0000000102fbfa5c cxxbridge1$str$ptr + 2630276
18  chromedriver                        0x0000000102fcee80 cxxbridge1$str$ptr + 2692776
19  libsystem_pthread.dylib             0x00000001893b5f94 _pthread_start + 136
20  libsystem_pthread.dylib             0x00000001893b0d34 thread_start + 8</status>
</kw>
<kw name="Accept Cookies and Close Welcome Modal" owner="PDP_TC004_Steps">
<status status="NOT RUN" start="2025-02-18T15:59:41.503673" elapsed="0.000052"/>
</kw>
<kw name="Review Homepage Elements to Ensure Cookie Error Messaging is Visible" owner="CookieSettings_TC004_Steps">
<status status="NOT RUN" start="2025-02-18T15:59:41.503791" elapsed="0.000019"/>
</kw>
<kw name="Review Footer &amp; Email Signup Functionality" owner="CookieSettings_TC004_Steps">
<status status="NOT RUN" start="2025-02-18T15:59:41.503871" elapsed="0.000020"/>
</kw>
<kw name="Enter Test Email in Newsletter Signup" owner="CookieSettings_TC004_Steps">
<status status="NOT RUN" start="2025-02-18T15:59:41.503946" elapsed="0.000018"/>
</kw>
<kw name="Click Store Locator Link In Footer" owner="CookieSettings_TC004_Steps">
<status status="NOT RUN" start="2025-02-18T15:59:41.504013" elapsed="0.000015"/>
</kw>
<kw name="Click Quiz Link In Meganav" owner="CookieSettings_TC004_Steps">
<status status="NOT RUN" start="2025-02-18T15:59:41.504078" elapsed="0.000015"/>
</kw>
<kw name="Click Reviews Link In Footer" owner="CookieSettings_TC004_Steps">
<status status="NOT RUN" start="2025-02-18T15:59:41.504142" elapsed="0.000014"/>
</kw>
<kw name="Click Product Link Meganav" owner="CookieSettings_TC004_Steps">
<status status="NOT RUN" start="2025-02-18T15:59:41.504204" elapsed="0.000015"/>
</kw>
<kw name="Validate PDP Does Not Contain Reviews" owner="CookieSettings_TC004_Steps">
<status status="NOT RUN" start="2025-02-18T15:59:41.504269" elapsed="0.000015"/>
</kw>
<kw name="Close Browser" owner="SeleniumLibrary" type="TEARDOWN">
<doc>Closes the current browser.</doc>
<status status="PASS" start="2025-02-18T15:59:41.504717" elapsed="1.475458"/>
</kw>
<status status="FAIL" start="2025-02-18T15:59:35.627550" elapsed="7.352803">ElementClickInterceptedException: Message: element click intercepted: Element is not clickable at point (1146, 764)
  (Session info: chrome=133.0.6943.99)
Stacktrace:
0   chromedriver                        0x0000000102fd6bac cxxbridge1$str$ptr + 2724820
1   chromedriver                        0x0000000102fcf20c cxxbridge1$str$ptr + 2693684
2   chromedriver                        0x0000000102b35afc cxxbridge1$string$len + 93348
3   chromedriver                        0x0000000102b82398 cxxbridge1$string$len + 406848
4   chromedriver                        0x0000000102b80928 cxxbridge1$string$len + 400080
5   chromedriver                        0x0000000102b7e73c cxxbridge1$string$len + 391396
6   chromedriver                        0x0000000102b7db38 cxxbridge1$string$len + 388320
7   chromedriver                        0x0000000102b72630 cxxbridge1$string$len + 341976
    [ Message content over the limit has been removed. ]
...er                        0x0000000102b70ba0 cxxbridge1$string$len + 335176
11  chromedriver                        0x0000000102f9f664 cxxbridge1$str$ptr + 2498188
12  chromedriver                        0x0000000102fa2978 cxxbridge1$str$ptr + 2511264
13  chromedriver                        0x0000000102f84d04 cxxbridge1$str$ptr + 2389292
14  chromedriver                        0x0000000102fa3220 cxxbridge1$str$ptr + 2513480
15  chromedriver                        0x0000000102f75cec cxxbridge1$str$ptr + 2327828
16  chromedriver                        0x0000000102fbf8d4 cxxbridge1$str$ptr + 2629884
17  chromedriver                        0x0000000102fbfa5c cxxbridge1$str$ptr + 2630276
18  chromedriver                        0x0000000102fcee80 cxxbridge1$str$ptr + 2692776
19  libsystem_pthread.dylib             0x00000001893b5f94 _pthread_start + 136
20  libsystem_pthread.dylib             0x00000001893b0d34 thread_start + 8</status>
</test>
<status status="FAIL" start="2025-02-18T15:59:35.395401" elapsed="7.585459"/>
</suite>
<status status="FAIL" start="2025-02-18T15:59:35.394741" elapsed="7.586436"/>
</suite>
<status status="FAIL" start="2025-02-18T15:59:35.385312" elapsed="7.596202"/>
</suite>
<statistics>
<total>
<stat pass="0" fail="1" skip="0">All Tests</stat>
</total>
<tag>
</tag>
<suite>
<stat pass="0" fail="1" skip="0" id="s1" name="Tests">Tests</stat>
<stat pass="0" fail="1" skip="0" id="s1-s1" name="CookieSettings">Tests.CookieSettings</stat>
<stat pass="0" fail="1" skip="0" id="s1-s1-s1" name="CookieSettings TC004 Test">Tests.CookieSettings.CookieSettings TC004 Test</stat>
</suite>
</statistics>
<errors>
<msg time="2025-02-18T15:59:35.625225" level="ERROR">Error in file '/Users/angeline.rohan/Desktop/QA Automation_Thinx.robot.py/ThinxAutomation1/Thinx-Automation1/steps/PDP/PDP_TC004_Steps.robot' on line 4: Setting 'Suite Setup' is not allowed in resource file.</msg>
</errors>
</robot>
