<?xml version="1.0" encoding="UTF-8"?>
<robot generator="Robot 7.1.1 (Python 3.13.1 on darwin)" generated="2025-02-25T10:27:25.530882" rpa="false" schemaversion="5">
<suite id="s1" name="Tests" source="/Users/angeline.rohan/Desktop/QA Automation_Thinx.robot.py/ThinxAutomation1/Thinx-Automation1/tests">
<suite id="s1-s1" name="DoNotSellOrShareMyInfo" source="/Users/angeline.rohan/Desktop/QA Automation_Thinx.robot.py/ThinxAutomation1/Thinx-Automation1/tests/DoNotSellOrShareMyInfo">
<suite id="s1-s1-s1" name="DoNotSellInfo TC003 Test" source="/Users/angeline.rohan/Desktop/QA Automation_Thinx.robot.py/ThinxAutomation1/Thinx-Automation1/tests/DoNotSellOrShareMyInfo/DoNotSellInfo_TC003_Test.robot">
<test id="s1-s1-s1-t1" name="Open Thinx" line="19">
<kw name="Open Thinx Homepage Using Chrome Browser" owner="resources" type="SETUP">
<kw name="Open Browser" owner="SeleniumLibrary">
<msg time="2025-02-25T10:27:25.650919" level="INFO">Opening browser 'Chrome' to base url 'https://www.thinx.com/'.</msg>
<msg time="2025-02-25T10:27:48.685766" level="INFO">Cannot capture screenshot because no browser is open.</msg>
<msg time="2025-02-25T10:27:48.686015" level="FAIL">SessionNotCreatedException: Message: session not created: probably user data directory is already in use, please specify a unique value for --user-data-dir argument, or don't use --user-data-dir
Stacktrace:
0   chromedriver                        0x00000001028aeb58 cxxbridge1$str$ptr + 2724820
1   chromedriver                        0x00000001028a71b8 cxxbridge1$str$ptr + 2693684
2   chromedriver                        0x000000010240dafc cxxbridge1$string$len + 93348
3   chromedriver                        0x0000000102440720 cxxbridge1$string$len + 301256
4   chromedriver                        0x000000010243cdec cxxbridge1$string$len + 286612
5   chromedriver                        0x0000000102481efc cxxbridge1$string$len + 569508
6   chromedriver                        0x0000000102481770 cxxbridge1$string$len + 567576
7   chromedriver                        0x0000000102448ba0 cxxbridge1$string$len + 335176
8   chromedriver                        0x0000000102877610 cxxbridge1$str$ptr + 2498188
9   chromedriver                        0x000000010287a924 cxxbridge1$str$ptr + 2511264
10  chromedriver                        0x000000010285ccb0 cxxbridge1$str$ptr + 2389292
11  chromedriver                        0x000000010287b1cc cxxbridge1$str$ptr + 2513480
12  chromedriver                        0x000000010284dc98 cxxbridge1$str$ptr + 2327828
13  chromedriver                        0x0000000102897880 cxxbridge1$str$ptr + 2629884
14  chromedriver                        0x0000000102897a08 cxxbridge1$str$ptr + 2630276
15  chromedriver                        0x00000001028a6e2c cxxbridge1$str$ptr + 2692776
16  libsystem_pthread.dylib             0x0000000190f79f94 _pthread_start + 136
17  libsystem_pthread.dylib             0x0000000190f74d34 thread_start + 8
</msg>
<arg>${ThinxHomepage}</arg>
<arg>Chrome</arg>
<doc>Opens a new browser instance to the optional ``url``.</doc>
<status status="FAIL" start="2025-02-25T10:27:25.650592" elapsed="23.039597">SessionNotCreatedException: Message: session not created: probably user data directory is already in use, please specify a unique value for --user-data-dir argument, or don't use --user-data-dir
Stacktrace:
0   chromedriver                        0x00000001028aeb58 cxxbridge1$str$ptr + 2724820
1   chromedriver                        0x00000001028a71b8 cxxbridge1$str$ptr + 2693684
2   chromedriver                        0x000000010240dafc cxxbridge1$string$len + 93348
3   chromedriver                        0x0000000102440720 cxxbridge1$string$len + 301256
4   chromedriver                        0x000000010243cdec cxxbridge1$string$len + 286612
5   chromedriver                        0x0000000102481efc cxxbridge1$string$len + 569508
6   chromedriver                        0x0000000102481770 cxxbridge1$string$len + 567576
7   chromedriver                        0x0000000102448ba0 cxxbridge1$string$len + 335176
8   chromedriver                        0x0000000102877610 cxxbridge1$str$ptr + 2498188
9   chromedriver                        0x000000010287a924 cxxbridge1$str$ptr + 2511264
10  chromedriver                        0x000000010285ccb0 cxxbridge1$str$ptr + 2389292
11  chromedriver                        0x000000010287b1cc cxxbridge1$str$ptr + 2513480
12  chromedriver                        0x000000010284dc98 cxxbridge1$str$ptr + 2327828
13  chromedriver                        0x0000000102897880 cxxbridge1$str$ptr + 2629884
14  chromedriver                        0x0000000102897a08 cxxbridge1$str$ptr + 2630276
15  chromedriver                        0x00000001028a6e2c cxxbridge1$str$ptr + 2692776
16  libsystem_pthread.dylib             0x0000000190f79f94 _pthread_start + 136
17  libsystem_pthread.dylib             0x0000000190f74d34 thread_start + 8
</status>
</kw>
<kw name="Maximize Browser Window" owner="SeleniumLibrary">
<doc>Maximizes current browser window.</doc>
<status status="NOT RUN" start="2025-02-25T10:27:48.690527" elapsed="0.000054"/>
</kw>
<status status="FAIL" start="2025-02-25T10:27:25.649955" elapsed="23.040738">SessionNotCreatedException: Message: session not created: probably user data directory is already in use, please specify a unique value for --user-data-dir argument, or don't use --user-data-dir
Stacktrace:
0   chromedriver                        0x00000001028aeb58 cxxbridge1$str$ptr + 2724820
1   chromedriver                        0x00000001028a71b8 cxxbridge1$str$ptr + 2693684
2   chromedriver                        0x000000010240dafc cxxbridge1$string$len + 93348
3   chromedriver                        0x0000000102440720 cxxbridge1$string$len + 301256
4   chromedriver                        0x000000010243cdec cxxbridge1$string$len + 286612
5   chromedriver                        0x0000000102481efc cxxbridge1$string$len + 569508
6   chromedriver                        0x0000000102481770 cxxbridge1$string$len + 567576
7   chromedriver                        0x0000000102448ba0 cxxbridge1$string$len + 335176
8   chromedriver                        0x0000000102877610 cxxbridge1$str$ptr + 2498188
9   chromedriver                        0x000000010287a924 cxxbridge1$str$ptr + 2511264
10  chromedriver                        0x000000010285ccb0 cxxbridge1$str$ptr + 2389292
11  chromedriver                        0x000000010287b1cc cxxbridge1$str$ptr + 2513480
12  chromedriver                        0x000000010284dc98 cxxbridge1$str$ptr + 2327828
13  chromedriver                        0x0000000102897880 cxxbridge1$str$ptr + 2629884
14  chromedriver                        0x0000000102897a08 cxxbridge1$str$ptr + 2630276
15  chromedriver                        0x00000001028a6e2c cxxbridge1$str$ptr + 2692776
16  libsystem_pthread.dylib             0x0000000190f79f94 _pthread_start + 136
17  libsystem_pthread.dylib             0x0000000190f74d34 thread_start + 8
</status>
</kw>
<kw name="Close Browser" owner="SeleniumLibrary" type="TEARDOWN">
<doc>Closes the current browser.</doc>
<status status="PASS" start="2025-02-25T10:27:48.690845" elapsed="0.000123"/>
</kw>
<status status="FAIL" start="2025-02-25T10:27:25.649576" elapsed="23.041421">Setup failed:
SessionNotCreatedException: Message: session not created: probably user data directory is already in use, please specify a unique value for --user-data-dir argument, or don't use --user-data-dir
Stacktrace:
0   chromedriver                        0x00000001028aeb58 cxxbridge1$str$ptr + 2724820
1   chromedriver                        0x00000001028a71b8 cxxbridge1$str$ptr + 2693684
2   chromedriver                        0x000000010240dafc cxxbridge1$string$len + 93348
3   chromedriver                        0x0000000102440720 cxxbridge1$string$len + 301256
4   chromedriver                        0x000000010243cdec cxxbridge1$string$len + 286612
5   chromedriver                        0x0000000102481efc cxxbridge1$string$len + 569508
6   chromedriver                        0x0000000102481770 cxxbridge1$string$len + 567576
7   chromedriver                        0x0000000102448ba0 cxxbridge1$string$len + 335176
8   chromedriver                        0x0000000102877610 cxxbridge1$str$ptr + 2498188
9   chromedriver                        0x000000010287a924 cxxbridge1$str$ptr + 2511264
10  chromedriver                        0x000000010285ccb0 cxxbridge1$str$ptr + 2389292
11  chromedriver                        0x000000010287b1cc cxxbridge1$str$ptr + 2513480
12  chromedriver                        0x000000010284dc98 cxxbridge1$str$ptr + 2327828
13  chromedriver                        0x0000000102897880 cxxbridge1$str$ptr + 2629884
14  chromedriver                        0x0000000102897a08 cxxbridge1$str$ptr + 2630276
15  chromedriver                        0x00000001028a6e2c cxxbridge1$str$ptr + 2692776
16  libsystem_pthread.dylib             0x0000000190f79f94 _pthread_start + 136
17  libsystem_pthread.dylib             0x0000000190f74d34 thread_start + 8
</status>
</test>
<status status="FAIL" start="2025-02-25T10:27:25.550263" elapsed="23.141273"/>
</suite>
<status status="FAIL" start="2025-02-25T10:27:25.549780" elapsed="23.142212"/>
</suite>
<status status="FAIL" start="2025-02-25T10:27:25.543664" elapsed="23.148628"/>
</suite>
<statistics>
<total>
<stat pass="0" fail="1" skip="0">All Tests</stat>
</total>
<tag>
</tag>
<suite>
<stat pass="0" fail="1" skip="0" id="s1" name="Tests">Tests</stat>
<stat pass="0" fail="1" skip="0" id="s1-s1" name="DoNotSellOrShareMyInfo">Tests.DoNotSellOrShareMyInfo</stat>
<stat pass="0" fail="1" skip="0" id="s1-s1-s1" name="DoNotSellInfo TC003 Test">Tests.DoNotSellOrShareMyInfo.DoNotSellInfo TC003 Test</stat>
</suite>
</statistics>
<errors>
</errors>
</robot>
