<?xml version="1.0" encoding="UTF-8"?>
<robot generator="Robot 7.1.1 (Python 3.13.1 on darwin)" generated="2025-02-18T16:01:13.200553" rpa="false" schemaversion="5">
<suite id="s1" name="Tests" source="/Users/angeline.rohan/Desktop/QA Automation_Thinx.robot.py/ThinxAutomation1/Thinx-Automation1/tests">
<suite id="s1-s1" name="PDP" source="/Users/angeline.rohan/Desktop/QA Automation_Thinx.robot.py/ThinxAutomation1/Thinx-Automation1/tests/PDP">
<suite id="s1-s1-s1" name="PDP TC004 Test" source="/Users/angeline.rohan/Desktop/QA Automation_Thinx.robot.py/ThinxAutomation1/Thinx-Automation1/tests/PDP/PDP_TC004_Test.robot">
<test id="s1-s1-s1-t1" name="Open Thinx PDP Using Chrome Browser" line="20">
<kw name="Open Thinx PDP Using Chrome Browser" owner="resources" type="SETUP">
<kw name="Open Browser" owner="SeleniumLibrary">
<msg time="2025-02-18T16:01:14.031100" level="INFO">Opening browser 'Chrome' to base url 'https://www.thinx.com/products/period-all-night-ultra-soft-sleep-shorts?variant=40174028750920'.</msg>
<arg>${ThinxPDP}</arg>
<arg>Chrome</arg>
<doc>Opens a new browser instance to the optional ``url``.</doc>
<status status="PASS" start="2025-02-18T16:01:14.030880" elapsed="13.235884"/>
</kw>
<kw name="Maximize Browser Window" owner="SeleniumLibrary">
<doc>Maximizes current browser window.</doc>
<status status="PASS" start="2025-02-18T16:01:27.267452" elapsed="0.466361"/>
</kw>
<kw name="Sleep" owner="BuiltIn">
<msg time="2025-02-18T16:01:32.736195" level="INFO">Slept 5 seconds.</msg>
<arg>5</arg>
<doc>Pauses the test executed for the given time.</doc>
<status status="PASS" start="2025-02-18T16:01:27.734076" elapsed="5.002930"/>
</kw>
<status status="PASS" start="2025-02-18T16:01:14.029959" elapsed="18.707935"/>
</kw>
<kw name="Click Accept Cookies Button" owner="CookieSettings_TC001_Pages">
<kw name="Wait Until Element Is Visible" owner="SeleniumLibrary">
<arg>${AcceptCookies}</arg>
<doc>Waits until the element ``locator`` is visible.</doc>
<status status="PASS" start="2025-02-18T16:01:32.740360" elapsed="0.030244"/>
</kw>
<kw name="Click Element" owner="SeleniumLibrary">
<msg time="2025-02-18T16:01:32.771264" level="INFO">Clicking element '//button[@id='onetrust-accept-btn-handler']'.</msg>
<arg>${AcceptCookies}</arg>
<doc>Click the element identified by ``locator``.</doc>
<status status="PASS" start="2025-02-18T16:01:32.770826" elapsed="0.105940"/>
</kw>
<kw name="Sleep" owner="BuiltIn">
<msg time="2025-02-18T16:01:35.877644" level="INFO">Slept 3 seconds.</msg>
<arg>3</arg>
<doc>Pauses the test executed for the given time.</doc>
<status status="PASS" start="2025-02-18T16:01:32.877045" elapsed="3.000692"/>
</kw>
<status status="PASS" start="2025-02-18T16:01:32.739083" elapsed="3.138748"/>
</kw>
<kw name="Sleep" owner="BuiltIn">
<msg time="2025-02-18T16:01:40.880472" level="INFO">Slept 5 seconds.</msg>
<arg>5</arg>
<doc>Pauses the test executed for the given time.</doc>
<status status="PASS" start="2025-02-18T16:01:35.877926" elapsed="5.002869"/>
</kw>
<kw name="Accept Cookies and Close Welcome Modal" owner="PDP_TC004_Steps">
<kw name="Sleep" owner="BuiltIn">
<msg time="2025-02-18T16:01:45.884394" level="INFO">Slept 5 seconds.</msg>
<arg>5</arg>
<doc>Pauses the test executed for the given time.</doc>
<status status="PASS" start="2025-02-18T16:01:40.882033" elapsed="5.002457"/>
</kw>
<kw name="Wait Until Page Contains Element" owner="SeleniumLibrary">
<arg>${CloseModal}</arg>
<doc>Waits until the element ``locator`` appears on the current page.</doc>
<status status="PASS" start="2025-02-18T16:01:45.884632" elapsed="0.017161"/>
</kw>
<kw name="Click Element" owner="SeleniumLibrary">
<msg time="2025-02-18T16:01:45.902368" level="INFO">Clicking element '//button[@class='absolute right-3 top-3 [&amp;&gt;svg]:size-6']'.</msg>
<arg>${CloseModal}</arg>
<doc>Click the element identified by ``locator``.</doc>
<status status="PASS" start="2025-02-18T16:01:45.902031" elapsed="0.074452"/>
</kw>
<status status="PASS" start="2025-02-18T16:01:40.881158" elapsed="5.095517"/>
</kw>
<kw name="Validate You Can Select Different Color Swatch" owner="PDP_TC004_Steps">
<kw name="Scroll Element Into View" owner="SeleniumLibrary">
<arg>${ColorSwatch}</arg>
<doc>Scrolls the element identified by ``locator`` into view.</doc>
<status status="PASS" start="2025-02-18T16:01:45.977365" elapsed="0.276452"/>
</kw>
<kw name="Wait Until Page Contains Element" owner="SeleniumLibrary">
<arg>${ColorSwatch}</arg>
<doc>Waits until the element ``locator`` appears on the current page.</doc>
<status status="PASS" start="2025-02-18T16:01:46.254159" elapsed="0.006764"/>
</kw>
<kw name="Click Element" owner="SeleniumLibrary">
<msg time="2025-02-18T16:01:46.261523" level="INFO">Clicking element 'product-option-Color-plum'.</msg>
<msg time="2025-02-18T16:01:47.613692" level="INFO" html="true">&lt;/td&gt;&lt;/tr&gt;&lt;tr&gt;&lt;td colspan="3"&gt;&lt;a href="../../results/selenium-screenshot-333.png"&gt;&lt;img src="../../results/selenium-screenshot-333.png" width="800px"&gt;&lt;/a&gt;</msg>
<msg time="2025-02-18T16:01:47.613918" level="FAIL">ElementClickInterceptedException: Message: element click intercepted: Element &lt;input type="radio" id="product-option-Color-plum" name="product-option-Color-Color" class="peer size-7 cursor-pointer border-0 !ring-0 checked:size-6 checked:bg-none" value="Plum"&gt; is not clickable at point (1002, 423). Other element would receive the click: &lt;div class="swatch__outline transition-[color, opacity] absolute inset-0 rounded-full border opacity-0 duration-200 peer-checked:opacity-100"&gt;&lt;/div&gt;
  (Session info: chrome=133.0.6943.99)
Stacktrace:
0   chromedriver                        0x0000000104f32bac cxxbridge1$str$ptr + 2724820
1   chromedriver                        0x0000000104f2b20c cxxbridge1$str$ptr + 2693684
2   chromedriver                        0x0000000104a91afc cxxbridge1$string$len + 93348
3   chromedriver                        0x0000000104ade398 cxxbridge1$string$len + 406848
4   chromedriver                        0x0000000104adc928 cxxbridge1$string$len + 400080
5   chromedriver                        0x0000000104ada73c cxxbridge1$string$len + 391396
6   chromedriver                        0x0000000104ad9b38 cxxbridge1$string$len + 388320
7   chromedriver                        0x0000000104ace630 cxxbridge1$string$len + 341976
8   chromedriver                        0x0000000104ace0bc cxxbridge1$string$len + 340580
9   chromedriver                        0x0000000104b19b94 cxxbridge1$string$len + 650556
10  chromedriver                        0x0000000104accba0 cxxbridge1$string$len + 335176
11  chromedriver                        0x0000000104efb664 cxxbridge1$str$ptr + 2498188
12  chromedriver                        0x0000000104efe978 cxxbridge1$str$ptr + 2511264
13  chromedriver                        0x0000000104ee0d04 cxxbridge1$str$ptr + 2389292
14  chromedriver                        0x0000000104eff220 cxxbridge1$str$ptr + 2513480
15  chromedriver                        0x0000000104ed1cec cxxbridge1$str$ptr + 2327828
16  chromedriver                        0x0000000104f1b8d4 cxxbridge1$str$ptr + 2629884
17  chromedriver                        0x0000000104f1ba5c cxxbridge1$str$ptr + 2630276
18  chromedriver                        0x0000000104f2ae80 cxxbridge1$str$ptr + 2692776
19  libsystem_pthread.dylib             0x00000001893b5f94 _pthread_start + 136
20  libsystem_pthread.dylib             0x00000001893b0d34 thread_start + 8
</msg>
<arg>${ColorSwatch}</arg>
<doc>Click the element identified by ``locator``.</doc>
<status status="FAIL" start="2025-02-18T16:01:46.261168" elapsed="1.358893">ElementClickInterceptedException: Message: element click intercepted: Element &lt;input type="radio" id="product-option-Color-plum" name="product-option-Color-Color" class="peer size-7 cursor-pointer border-0 !ring-0 checked:size-6 checked:bg-none" value="Plum"&gt; is not clickable at point (1002, 423). Other element would receive the click: &lt;div class="swatch__outline transition-[color, opacity] absolute inset-0 rounded-full border opacity-0 duration-200 peer-checked:opacity-100"&gt;&lt;/div&gt;
  (Session info: chrome=133.0.6943.99)
Stacktrace:
0   chromedriver                        0x0000000104f32bac cxxbridge1$str$ptr + 2724820
1   chromedriver                        0x0000000104f2b20c cxxbridge1$str$ptr + 2693684
2   chromedriver                        0x0000000104a91afc cxxbridge1$string$len + 93348
3   chromedriver                        0x0000000104ade398 cxxbridge1$string$len + 406848
4   chromedriver                        0x0000000104adc928 cxxbridge1$string$len + 400080
5   chromedriver                        0x0000000104ada73c cxxbridge1$strin...
    [ Message content over the limit has been removed. ]
...er                        0x0000000104accba0 cxxbridge1$string$len + 335176
11  chromedriver                        0x0000000104efb664 cxxbridge1$str$ptr + 2498188
12  chromedriver                        0x0000000104efe978 cxxbridge1$str$ptr + 2511264
13  chromedriver                        0x0000000104ee0d04 cxxbridge1$str$ptr + 2389292
14  chromedriver                        0x0000000104eff220 cxxbridge1$str$ptr + 2513480
15  chromedriver                        0x0000000104ed1cec cxxbridge1$str$ptr + 2327828
16  chromedriver                        0x0000000104f1b8d4 cxxbridge1$str$ptr + 2629884
17  chromedriver                        0x0000000104f1ba5c cxxbridge1$str$ptr + 2630276
18  chromedriver                        0x0000000104f2ae80 cxxbridge1$str$ptr + 2692776
19  libsystem_pthread.dylib             0x00000001893b5f94 _pthread_start + 136
20  libsystem_pthread.dylib             0x00000001893b0d34 thread_start + 8</status>
</kw>
<kw name="Capture Page Screenshot" owner="SeleniumLibrary">
<doc>Takes a screenshot of the current page and embeds it into a log file.</doc>
<status status="NOT RUN" start="2025-02-18T16:01:47.620425" elapsed="0.000045"/>
</kw>
<kw name="Element Should Be Visible" owner="SeleniumLibrary">
<arg>${ColorSelectedText}</arg>
<doc>Verifies that the element identified by ``locator`` is visible.</doc>
<status status="NOT RUN" start="2025-02-18T16:01:47.620541" elapsed="0.000019"/>
</kw>
<kw name="Element Text Should Be" owner="SeleniumLibrary">
<arg>${ColorSelected}</arg>
<arg>${ColorSelectedText}</arg>
<doc>Verifies that element ``locator`` contains exact the text ``expected``.</doc>
<status status="NOT RUN" start="2025-02-18T16:01:47.620606" elapsed="0.000016"/>
</kw>
<status status="FAIL" start="2025-02-18T16:01:45.976957" elapsed="1.643871">ElementClickInterceptedException: Message: element click intercepted: Element &lt;input type="radio" id="product-option-Color-plum" name="product-option-Color-Color" class="peer size-7 cursor-pointer border-0 !ring-0 checked:size-6 checked:bg-none" value="Plum"&gt; is not clickable at point (1002, 423). Other element would receive the click: &lt;div class="swatch__outline transition-[color, opacity] absolute inset-0 rounded-full border opacity-0 duration-200 peer-checked:opacity-100"&gt;&lt;/div&gt;
  (Session info: chrome=133.0.6943.99)
Stacktrace:
0   chromedriver                        0x0000000104f32bac cxxbridge1$str$ptr + 2724820
1   chromedriver                        0x0000000104f2b20c cxxbridge1$str$ptr + 2693684
2   chromedriver                        0x0000000104a91afc cxxbridge1$string$len + 93348
3   chromedriver                        0x0000000104ade398 cxxbridge1$string$len + 406848
4   chromedriver                        0x0000000104adc928 cxxbridge1$string$len + 400080
5   chromedriver                        0x0000000104ada73c cxxbridge1$strin...
    [ Message content over the limit has been removed. ]
...er                        0x0000000104accba0 cxxbridge1$string$len + 335176
11  chromedriver                        0x0000000104efb664 cxxbridge1$str$ptr + 2498188
12  chromedriver                        0x0000000104efe978 cxxbridge1$str$ptr + 2511264
13  chromedriver                        0x0000000104ee0d04 cxxbridge1$str$ptr + 2389292
14  chromedriver                        0x0000000104eff220 cxxbridge1$str$ptr + 2513480
15  chromedriver                        0x0000000104ed1cec cxxbridge1$str$ptr + 2327828
16  chromedriver                        0x0000000104f1b8d4 cxxbridge1$str$ptr + 2629884
17  chromedriver                        0x0000000104f1ba5c cxxbridge1$str$ptr + 2630276
18  chromedriver                        0x0000000104f2ae80 cxxbridge1$str$ptr + 2692776
19  libsystem_pthread.dylib             0x00000001893b5f94 _pthread_start + 136
20  libsystem_pthread.dylib             0x00000001893b0d34 thread_start + 8</status>
</kw>
<kw name="Validate You Can Add Different Colors to Cart" owner="PDP_TC004_Steps">
<status status="NOT RUN" start="2025-02-18T16:01:47.621207" elapsed="0.000084"/>
</kw>
<kw name="Close Browser" owner="SeleniumLibrary" type="TEARDOWN">
<doc>Closes the current browser.</doc>
<status status="PASS" start="2025-02-18T16:01:47.621677" elapsed="0.285042"/>
</kw>
<status status="FAIL" start="2025-02-18T16:01:14.029299" elapsed="33.877505">ElementClickInterceptedException: Message: element click intercepted: Element &lt;input type="radio" id="product-option-Color-plum" name="product-option-Color-Color" class="peer size-7 cursor-pointer border-0 !ring-0 checked:size-6 checked:bg-none" value="Plum"&gt; is not clickable at point (1002, 423). Other element would receive the click: &lt;div class="swatch__outline transition-[color, opacity] absolute inset-0 rounded-full border opacity-0 duration-200 peer-checked:opacity-100"&gt;&lt;/div&gt;
  (Session info: chrome=133.0.6943.99)
Stacktrace:
0   chromedriver                        0x0000000104f32bac cxxbridge1$str$ptr + 2724820
1   chromedriver                        0x0000000104f2b20c cxxbridge1$str$ptr + 2693684
2   chromedriver                        0x0000000104a91afc cxxbridge1$string$len + 93348
3   chromedriver                        0x0000000104ade398 cxxbridge1$string$len + 406848
4   chromedriver                        0x0000000104adc928 cxxbridge1$string$len + 400080
5   chromedriver                        0x0000000104ada73c cxxbridge1$strin...
    [ Message content over the limit has been removed. ]
...er                        0x0000000104accba0 cxxbridge1$string$len + 335176
11  chromedriver                        0x0000000104efb664 cxxbridge1$str$ptr + 2498188
12  chromedriver                        0x0000000104efe978 cxxbridge1$str$ptr + 2511264
13  chromedriver                        0x0000000104ee0d04 cxxbridge1$str$ptr + 2389292
14  chromedriver                        0x0000000104eff220 cxxbridge1$str$ptr + 2513480
15  chromedriver                        0x0000000104ed1cec cxxbridge1$str$ptr + 2327828
16  chromedriver                        0x0000000104f1b8d4 cxxbridge1$str$ptr + 2629884
17  chromedriver                        0x0000000104f1ba5c cxxbridge1$str$ptr + 2630276
18  chromedriver                        0x0000000104f2ae80 cxxbridge1$str$ptr + 2692776
19  libsystem_pthread.dylib             0x00000001893b5f94 _pthread_start + 136
20  libsystem_pthread.dylib             0x00000001893b0d34 thread_start + 8</status>
</test>
<status status="FAIL" start="2025-02-18T16:01:13.245194" elapsed="34.662070"/>
</suite>
<status status="FAIL" start="2025-02-18T16:01:13.244095" elapsed="34.663480"/>
</suite>
<status status="FAIL" start="2025-02-18T16:01:13.229166" elapsed="34.678633"/>
</suite>
<statistics>
<total>
<stat pass="0" fail="1" skip="0">All Tests</stat>
</total>
<tag>
</tag>
<suite>
<stat pass="0" fail="1" skip="0" id="s1" name="Tests">Tests</stat>
<stat pass="0" fail="1" skip="0" id="s1-s1" name="PDP">Tests.PDP</stat>
<stat pass="0" fail="1" skip="0" id="s1-s1-s1" name="PDP TC004 Test">Tests.PDP.PDP TC004 Test</stat>
</suite>
</statistics>
<errors>
<msg time="2025-02-18T16:01:13.904105" level="ERROR">Error in file '/Users/angeline.rohan/Desktop/QA Automation_Thinx.robot.py/ThinxAutomation1/Thinx-Automation1/steps/PDP/PDP_TC004_Steps.robot' on line 4: Setting 'Suite Setup' is not allowed in resource file.</msg>
</errors>
</robot>
