<?xml version="1.0" encoding="UTF-8"?>
<robot generator="Robot 7.1.1 (Python 3.13.1 on darwin)" generated="2025-02-18T13:17:55.829264" rpa="false" schemaversion="5">
<suite id="s1" name="Tests" source="/Users/angeline.rohan/Desktop/QA Automation_Thinx.robot.py/ThinxAutomation1/Thinx-Automation1/tests">
<suite id="s1-s1" name="Registration" source="/Users/angeline.rohan/Desktop/QA Automation_Thinx.robot.py/ThinxAutomation1/Thinx-Automation1/tests/Registration">
<suite id="s1-s1-s1" name="Registration TC002 Test" source="/Users/angeline.rohan/Desktop/QA Automation_Thinx.robot.py/ThinxAutomation1/Thinx-Automation1/tests/Registration/Registration_TC002_Test.robot">
<test id="s1-s1-s1-t1" name="Registration of Thinx" line="21">
<kw name="Open Thinx Homepage Using Chrome Browser" owner="resources" type="SETUP">
<kw name="Open Browser" owner="SeleniumLibrary">
<msg time="2025-02-18T13:17:56.129179" level="INFO">Opening browser 'Chrome' to base url 'https://www.thinx.com/'.</msg>
<arg>${ThinxHomepage}</arg>
<arg>Chrome</arg>
<doc>Opens a new browser instance to the optional ``url``.</doc>
<status status="PASS" start="2025-02-18T13:17:56.129054" elapsed="5.677759"/>
</kw>
<kw name="Maximize Browser Window" owner="SeleniumLibrary">
<doc>Maximizes current browser window.</doc>
<status status="PASS" start="2025-02-18T13:18:01.807527" elapsed="0.371478"/>
</kw>
<status status="PASS" start="2025-02-18T13:17:56.128605" elapsed="6.050536"/>
</kw>
<kw name="Registration Page Opened" owner="Registration_TC001_Pages">
<kw name="Wait Until Element Is Visible" owner="SeleniumLibrary">
<arg>${SignInNav}</arg>
<doc>Waits until the element ``locator`` is visible.</doc>
<status status="PASS" start="2025-02-18T13:18:02.181644" elapsed="0.015310"/>
</kw>
<kw name="Set Focus To Element" owner="SeleniumLibrary">
<arg>${SignInNav}</arg>
<doc>Sets the focus to the element identified by ``locator``.</doc>
<status status="PASS" start="2025-02-18T13:18:02.197338" elapsed="0.014316"/>
</kw>
<kw name="Click Element" owner="SeleniumLibrary">
<msg time="2025-02-18T13:18:02.212901" level="INFO">Clicking element '//header[@class='flex justify-between items-center px-3 h-[3.25rem] lg:h-14.5 lg:px-8 bg-white border-b border-b-brand-tangerine']//a[contains(.,'Sign in')]'.</msg>
<arg>${SignInNav}</arg>
<doc>Click the element identified by ``locator``.</doc>
<status status="PASS" start="2025-02-18T13:18:02.212215" elapsed="0.064790"/>
</kw>
<kw name="Sleep" owner="BuiltIn">
<msg time="2025-02-18T13:18:07.278978" level="INFO">Slept 5 seconds.</msg>
<arg>5</arg>
<doc>Pauses the test executed for the given time.</doc>
<status status="PASS" start="2025-02-18T13:18:02.277154" elapsed="5.001915"/>
</kw>
<kw name="Wait Until Element Is Visible" owner="SeleniumLibrary">
<arg>${CreateAccountLink}</arg>
<doc>Waits until the element ``locator`` is visible.</doc>
<status status="PASS" start="2025-02-18T13:18:07.279193" elapsed="0.015774"/>
</kw>
<kw name="Set Focus To Element" owner="SeleniumLibrary">
<arg>${CreateAccountLink}</arg>
<doc>Sets the focus to the element identified by ``locator``.</doc>
<status status="PASS" start="2025-02-18T13:18:07.295108" elapsed="0.008827"/>
</kw>
<kw name="Click Element" owner="SeleniumLibrary">
<msg time="2025-02-18T13:18:07.304313" level="INFO">Clicking element '//a[contains(.,'Create account')]'.</msg>
<msg time="2025-02-18T13:18:08.513491" level="INFO" html="true">&lt;/td&gt;&lt;/tr&gt;&lt;tr&gt;&lt;td colspan="3"&gt;&lt;a href="../../results/selenium-screenshot-299.png"&gt;&lt;img src="../../results/selenium-screenshot-299.png" width="800px"&gt;&lt;/a&gt;</msg>
<msg time="2025-02-18T13:18:08.513691" level="FAIL">ElementClickInterceptedException: Message: element click intercepted: Element &lt;a class="block mx-auto text-link w-fit link" href="/account/register"&gt;...&lt;/a&gt; is not clickable at point (748, 642). Other element would receive the click: &lt;div id="onetrust-group-container" class="ot-sdk-eight ot-sdk-columns"&gt;...&lt;/div&gt;
  (Session info: chrome=133.0.6943.99)
Stacktrace:
0   chromedriver                        0x0000000104d16bac cxxbridge1$str$ptr + 2724820
1   chromedriver                        0x0000000104d0f20c cxxbridge1$str$ptr + 2693684
2   chromedriver                        0x0000000104875afc cxxbridge1$string$len + 93348
3   chromedriver                        0x00000001048c2398 cxxbridge1$string$len + 406848
4   chromedriver                        0x00000001048c0928 cxxbridge1$string$len + 400080
5   chromedriver                        0x00000001048be73c cxxbridge1$string$len + 391396
6   chromedriver                        0x00000001048bdb38 cxxbridge1$string$len + 388320
7   chromedriver                        0x00000001048b2630 cxxbridge1$string$len + 341976
8   chromedriver                        0x00000001048b20bc cxxbridge1$string$len + 340580
9   chromedriver                        0x00000001048fdb94 cxxbridge1$string$len + 650556
10  chromedriver                        0x00000001048b0ba0 cxxbridge1$string$len + 335176
11  chromedriver                        0x0000000104cdf664 cxxbridge1$str$ptr + 2498188
12  chromedriver                        0x0000000104ce2978 cxxbridge1$str$ptr + 2511264
13  chromedriver                        0x0000000104cc4d04 cxxbridge1$str$ptr + 2389292
14  chromedriver                        0x0000000104ce3220 cxxbridge1$str$ptr + 2513480
15  chromedriver                        0x0000000104cb5cec cxxbridge1$str$ptr + 2327828
16  chromedriver                        0x0000000104cff8d4 cxxbridge1$str$ptr + 2629884
17  chromedriver                        0x0000000104cffa5c cxxbridge1$str$ptr + 2630276
18  chromedriver                        0x0000000104d0ee80 cxxbridge1$str$ptr + 2692776
19  libsystem_pthread.dylib             0x00000001893b5f94 _pthread_start + 136
20  libsystem_pthread.dylib             0x00000001893b0d34 thread_start + 8
</msg>
<arg>${CreateAccountLink}</arg>
<doc>Click the element identified by ``locator``.</doc>
<status status="FAIL" start="2025-02-18T13:18:07.304092" elapsed="1.211120">ElementClickInterceptedException: Message: element click intercepted: Element &lt;a class="block mx-auto text-link w-fit link" href="/account/register"&gt;...&lt;/a&gt; is not clickable at point (748, 642). Other element would receive the click: &lt;div id="onetrust-group-container" class="ot-sdk-eight ot-sdk-columns"&gt;...&lt;/div&gt;
  (Session info: chrome=133.0.6943.99)
Stacktrace:
0   chromedriver                        0x0000000104d16bac cxxbridge1$str$ptr + 2724820
1   chromedriver                        0x0000000104d0f20c cxxbridge1$str$ptr + 2693684
2   chromedriver                        0x0000000104875afc cxxbridge1$string$len + 93348
3   chromedriver                        0x00000001048c2398 cxxbridge1$string$len + 406848
4   chromedriver                        0x00000001048c0928 cxxbridge1$string$len + 400080
5   chromedriver                        0x00000001048be73c cxxbridge1$string$len + 391396
6   chromedriver                        0x00000001048bdb38 cxxbridge1$strin...
    [ Message content over the limit has been removed. ]
...er                        0x00000001048b0ba0 cxxbridge1$string$len + 335176
11  chromedriver                        0x0000000104cdf664 cxxbridge1$str$ptr + 2498188
12  chromedriver                        0x0000000104ce2978 cxxbridge1$str$ptr + 2511264
13  chromedriver                        0x0000000104cc4d04 cxxbridge1$str$ptr + 2389292
14  chromedriver                        0x0000000104ce3220 cxxbridge1$str$ptr + 2513480
15  chromedriver                        0x0000000104cb5cec cxxbridge1$str$ptr + 2327828
16  chromedriver                        0x0000000104cff8d4 cxxbridge1$str$ptr + 2629884
17  chromedriver                        0x0000000104cffa5c cxxbridge1$str$ptr + 2630276
18  chromedriver                        0x0000000104d0ee80 cxxbridge1$str$ptr + 2692776
19  libsystem_pthread.dylib             0x00000001893b5f94 _pthread_start + 136
20  libsystem_pthread.dylib             0x00000001893b0d34 thread_start + 8</status>
</kw>
<status status="FAIL" start="2025-02-18T13:18:02.179857" elapsed="6.335536">ElementClickInterceptedException: Message: element click intercepted: Element &lt;a class="block mx-auto text-link w-fit link" href="/account/register"&gt;...&lt;/a&gt; is not clickable at point (748, 642). Other element would receive the click: &lt;div id="onetrust-group-container" class="ot-sdk-eight ot-sdk-columns"&gt;...&lt;/div&gt;
  (Session info: chrome=133.0.6943.99)
Stacktrace:
0   chromedriver                        0x0000000104d16bac cxxbridge1$str$ptr + 2724820
1   chromedriver                        0x0000000104d0f20c cxxbridge1$str$ptr + 2693684
2   chromedriver                        0x0000000104875afc cxxbridge1$string$len + 93348
3   chromedriver                        0x00000001048c2398 cxxbridge1$string$len + 406848
4   chromedriver                        0x00000001048c0928 cxxbridge1$string$len + 400080
5   chromedriver                        0x00000001048be73c cxxbridge1$string$len + 391396
6   chromedriver                        0x00000001048bdb38 cxxbridge1$strin...
    [ Message content over the limit has been removed. ]
...er                        0x00000001048b0ba0 cxxbridge1$string$len + 335176
11  chromedriver                        0x0000000104cdf664 cxxbridge1$str$ptr + 2498188
12  chromedriver                        0x0000000104ce2978 cxxbridge1$str$ptr + 2511264
13  chromedriver                        0x0000000104cc4d04 cxxbridge1$str$ptr + 2389292
14  chromedriver                        0x0000000104ce3220 cxxbridge1$str$ptr + 2513480
15  chromedriver                        0x0000000104cb5cec cxxbridge1$str$ptr + 2327828
16  chromedriver                        0x0000000104cff8d4 cxxbridge1$str$ptr + 2629884
17  chromedriver                        0x0000000104cffa5c cxxbridge1$str$ptr + 2630276
18  chromedriver                        0x0000000104d0ee80 cxxbridge1$str$ptr + 2692776
19  libsystem_pthread.dylib             0x00000001893b5f94 _pthread_start + 136
20  libsystem_pthread.dylib             0x00000001893b0d34 thread_start + 8</status>
</kw>
<kw name="Generate Timestamped Email" owner="Registration_TC002_Pages">
<status status="NOT RUN" start="2025-02-18T13:18:08.515628" elapsed="0.000032"/>
</kw>
<kw name="Sleep" owner="BuiltIn">
<arg>5</arg>
<doc>Pauses the test executed for the given time.</doc>
<status status="NOT RUN" start="2025-02-18T13:18:08.515721" elapsed="0.000018"/>
</kw>
<kw name="Enter First Name" owner="Registration_TC002_Pages">
<arg>${Fname}</arg>
<status status="NOT RUN" start="2025-02-18T13:18:08.515810" elapsed="0.000022"/>
</kw>
<kw name="Enter Last Name" owner="Registration_TC002_Pages">
<arg>${Lname}</arg>
<status status="NOT RUN" start="2025-02-18T13:18:08.515892" elapsed="0.000022"/>
</kw>
<kw name="Generate Timestamped Email" owner="Registration_TC002_Pages">
<var>${RegisterEmail}</var>
<status status="NOT RUN" start="2025-02-18T13:18:08.515973" elapsed="0.000018"/>
</kw>
<kw name="Input Text" owner="SeleniumLibrary">
<arg>id=RegisterForm-email</arg>
<arg>${RegisterEmail}</arg>
<doc>Types the given ``text`` into the text field identified by ``locator``.</doc>
<status status="NOT RUN" start="2025-02-18T13:18:08.516037" elapsed="0.000051"/>
</kw>
<kw name="Enter New Account Email" owner="Registration_TC002_Pages">
<arg>${RegisterEmail}</arg>
<status status="NOT RUN" start="2025-02-18T13:18:08.516181" elapsed="0.000023"/>
</kw>
<kw name="Enter New Account Password" owner="Registration_TC002_Pages">
<arg>${RegisterPwd}</arg>
<status status="NOT RUN" start="2025-02-18T13:18:08.516268" elapsed="0.000021"/>
</kw>
<kw name="Sleep" owner="BuiltIn">
<arg>5</arg>
<doc>Pauses the test executed for the given time.</doc>
<status status="NOT RUN" start="2025-02-18T13:18:08.516341" elapsed="0.000017"/>
</kw>
<kw name="Check Account Disclaimer Checkbox" owner="Registration_TC002_Pages">
<status status="NOT RUN" start="2025-02-18T13:18:08.516429" elapsed="0.000017"/>
</kw>
<kw name="Close Browser" owner="SeleniumLibrary" type="TEARDOWN">
<doc>Closes the current browser.</doc>
<status status="PASS" start="2025-02-18T13:18:08.516575" elapsed="0.168164"/>
</kw>
<status status="FAIL" start="2025-02-18T13:17:56.128115" elapsed="12.556696">ElementClickInterceptedException: Message: element click intercepted: Element &lt;a class="block mx-auto text-link w-fit link" href="/account/register"&gt;...&lt;/a&gt; is not clickable at point (748, 642). Other element would receive the click: &lt;div id="onetrust-group-container" class="ot-sdk-eight ot-sdk-columns"&gt;...&lt;/div&gt;
  (Session info: chrome=133.0.6943.99)
Stacktrace:
0   chromedriver                        0x0000000104d16bac cxxbridge1$str$ptr + 2724820
1   chromedriver                        0x0000000104d0f20c cxxbridge1$str$ptr + 2693684
2   chromedriver                        0x0000000104875afc cxxbridge1$string$len + 93348
3   chromedriver                        0x00000001048c2398 cxxbridge1$string$len + 406848
4   chromedriver                        0x00000001048c0928 cxxbridge1$string$len + 400080
5   chromedriver                        0x00000001048be73c cxxbridge1$string$len + 391396
6   chromedriver                        0x00000001048bdb38 cxxbridge1$strin...
    [ Message content over the limit has been removed. ]
...er                        0x00000001048b0ba0 cxxbridge1$string$len + 335176
11  chromedriver                        0x0000000104cdf664 cxxbridge1$str$ptr + 2498188
12  chromedriver                        0x0000000104ce2978 cxxbridge1$str$ptr + 2511264
13  chromedriver                        0x0000000104cc4d04 cxxbridge1$str$ptr + 2389292
14  chromedriver                        0x0000000104ce3220 cxxbridge1$str$ptr + 2513480
15  chromedriver                        0x0000000104cb5cec cxxbridge1$str$ptr + 2327828
16  chromedriver                        0x0000000104cff8d4 cxxbridge1$str$ptr + 2629884
17  chromedriver                        0x0000000104cffa5c cxxbridge1$str$ptr + 2630276
18  chromedriver                        0x0000000104d0ee80 cxxbridge1$str$ptr + 2692776
19  libsystem_pthread.dylib             0x00000001893b5f94 _pthread_start + 136
20  libsystem_pthread.dylib             0x00000001893b0d34 thread_start + 8</status>
</test>
<status status="FAIL" start="2025-02-18T13:17:55.853652" elapsed="12.831528"/>
</suite>
<status status="FAIL" start="2025-02-18T13:17:55.853120" elapsed="12.832401"/>
</suite>
<status status="FAIL" start="2025-02-18T13:17:55.844121" elapsed="12.841626"/>
</suite>
<statistics>
<total>
<stat pass="0" fail="1" skip="0">All Tests</stat>
</total>
<tag>
</tag>
<suite>
<stat pass="0" fail="1" skip="0" id="s1" name="Tests">Tests</stat>
<stat pass="0" fail="1" skip="0" id="s1-s1" name="Registration">Tests.Registration</stat>
<stat pass="0" fail="1" skip="0" id="s1-s1-s1" name="Registration TC002 Test">Tests.Registration.Registration TC002 Test</stat>
</suite>
</statistics>
<errors>
</errors>
</robot>
