<?xml version="1.0" encoding="UTF-8"?>
<robot generator="Robot 7.1.1 (Python 3.13.1 on darwin)" generated="2025-02-18T13:14:48.079166" rpa="false" schemaversion="5">
<suite id="s1" name="Tests" source="/Users/angeline.rohan/Desktop/QA Automation_Thinx.robot.py/ThinxAutomation1/Thinx-Automation1/tests">
<suite id="s1-s1" name="Checkout" source="/Users/angeline.rohan/Desktop/QA Automation_Thinx.robot.py/ThinxAutomation1/Thinx-Automation1/tests/Checkout">
<suite id="s1-s1-s1" name="Checkout TC002 Tests" source="/Users/angeline.rohan/Desktop/QA Automation_Thinx.robot.py/ThinxAutomation1/Thinx-Automation1/tests/Checkout/Checkout_TC002_Tests.robot">
<test id="s1-s1-s1-t1" name="Open Thinx PDP" line="30">
<kw name="Open Thinx PDP Using Chrome Browser" owner="resources" type="SETUP">
<kw name="Open Browser" owner="SeleniumLibrary">
<msg time="2025-02-18T13:14:48.177507" level="INFO">Opening browser 'Chrome' to base url 'https://www.thinx.com/products/period-all-night-ultra-soft-sleep-shorts?variant=40174028750920'.</msg>
<arg>${ThinxPDP}</arg>
<arg>Chrome</arg>
<doc>Opens a new browser instance to the optional ``url``.</doc>
<status status="PASS" start="2025-02-18T13:14:48.177389" elapsed="4.319707"/>
</kw>
<kw name="Maximize Browser Window" owner="SeleniumLibrary">
<doc>Maximizes current browser window.</doc>
<status status="PASS" start="2025-02-18T13:14:52.499644" elapsed="7.164153"/>
</kw>
<kw name="Sleep" owner="BuiltIn">
<msg time="2025-02-18T13:15:04.670395" level="INFO">Slept 5 seconds.</msg>
<arg>5</arg>
<doc>Pauses the test executed for the given time.</doc>
<status status="PASS" start="2025-02-18T13:14:59.665566" elapsed="5.006169"/>
</kw>
<status status="PASS" start="2025-02-18T13:14:48.177091" elapsed="16.495596"/>
</kw>
<kw name="Click Accept Cookies Button" owner="CookieSettings_TC001_Pages">
<kw name="Wait Until Element Is Visible" owner="SeleniumLibrary">
<arg>${AcceptCookies}</arg>
<doc>Waits until the element ``locator`` is visible.</doc>
<status status="PASS" start="2025-02-18T13:15:04.674750" elapsed="0.047857"/>
</kw>
<kw name="Click Element" owner="SeleniumLibrary">
<msg time="2025-02-18T13:15:04.723995" level="INFO">Clicking element '//button[@id='onetrust-accept-btn-handler']'.</msg>
<arg>${AcceptCookies}</arg>
<doc>Click the element identified by ``locator``.</doc>
<status status="PASS" start="2025-02-18T13:15:04.723185" elapsed="0.103084"/>
</kw>
<kw name="Sleep" owner="BuiltIn">
<msg time="2025-02-18T13:15:07.829266" level="INFO">Slept 3 seconds.</msg>
<arg>3</arg>
<doc>Pauses the test executed for the given time.</doc>
<status status="PASS" start="2025-02-18T13:15:04.826496" elapsed="3.002900"/>
</kw>
<status status="PASS" start="2025-02-18T13:15:04.673933" elapsed="3.155602"/>
</kw>
<kw name="Sleep" owner="BuiltIn">
<msg time="2025-02-18T13:15:12.830533" level="INFO">Slept 5 seconds.</msg>
<arg>5</arg>
<doc>Pauses the test executed for the given time.</doc>
<status status="PASS" start="2025-02-18T13:15:07.829662" elapsed="5.002970"/>
</kw>
<kw name="Accept Cookies and Close Welcome Modal" owner="PDP_TC004_Steps">
<kw name="Sleep" owner="BuiltIn">
<msg time="2025-02-18T13:15:17.841036" level="INFO">Slept 5 seconds.</msg>
<arg>5</arg>
<doc>Pauses the test executed for the given time.</doc>
<status status="PASS" start="2025-02-18T13:15:12.840455" elapsed="5.000677"/>
</kw>
<kw name="Wait Until Page Contains Element" owner="SeleniumLibrary">
<arg>${CloseModal}</arg>
<doc>Waits until the element ``locator`` appears on the current page.</doc>
<status status="PASS" start="2025-02-18T13:15:17.841340" elapsed="0.015137"/>
</kw>
<kw name="Click Element" owner="SeleniumLibrary">
<msg time="2025-02-18T13:15:17.856783" level="INFO">Clicking element '//button[@class='absolute right-3 top-3 [&amp;&gt;svg]:size-6']'.</msg>
<arg>${CloseModal}</arg>
<doc>Click the element identified by ``locator``.</doc>
<status status="PASS" start="2025-02-18T13:15:17.856623" elapsed="0.048074"/>
</kw>
<status status="PASS" start="2025-02-18T13:15:12.839044" elapsed="5.066260"/>
</kw>
<kw name="Validate Add to Cart From PDP" owner="PDP_TC002_Steps">
<kw name="Wait Until Page Contains Element" owner="SeleniumLibrary">
<arg>${FirstSize}</arg>
<doc>Waits until the element ``locator`` appears on the current page.</doc>
<status status="PASS" start="2025-02-18T13:15:17.905998" elapsed="0.006518"/>
</kw>
<kw name="Element Should Be Visible" owner="SeleniumLibrary">
<msg time="2025-02-18T13:15:17.922901" level="INFO">Element '//div[@id='product-option-Size']//div[.='XS']' is displayed.</msg>
<arg>${FirstSize}</arg>
<doc>Verifies that the element identified by ``locator`` is visible.</doc>
<status status="PASS" start="2025-02-18T13:15:17.912722" elapsed="0.010250"/>
</kw>
<kw name="Click Element" owner="SeleniumLibrary">
<msg time="2025-02-18T13:15:17.923294" level="INFO">Clicking element '//div[@id='product-option-Size']//div[.='XS']'.</msg>
<arg>${FirstSize}</arg>
<doc>Click the element identified by ``locator``.</doc>
<status status="PASS" start="2025-02-18T13:15:17.923095" elapsed="0.036438"/>
</kw>
<kw name="Sleep" owner="BuiltIn">
<msg time="2025-02-18T13:15:19.961417" level="INFO">Slept 2 seconds.</msg>
<arg>2</arg>
<doc>Pauses the test executed for the given time.</doc>
<status status="PASS" start="2025-02-18T13:15:17.959664" elapsed="2.001831"/>
</kw>
<kw name="Wait Until Page Contains Element" owner="SeleniumLibrary">
<arg>${ColorSwatch}</arg>
<doc>Waits until the element ``locator`` appears on the current page.</doc>
<status status="PASS" start="2025-02-18T13:15:19.961736" elapsed="0.007090"/>
</kw>
<kw name="Element Should Be Visible" owner="SeleniumLibrary">
<msg time="2025-02-18T13:15:19.977659" level="INFO">Element 'product-option-Color-plum' is displayed.</msg>
<arg>${ColorSwatch}</arg>
<doc>Verifies that the element identified by ``locator`` is visible.</doc>
<status status="PASS" start="2025-02-18T13:15:19.968958" elapsed="0.008770"/>
</kw>
<kw name="Sleep" owner="BuiltIn">
<msg time="2025-02-18T13:15:24.978815" level="INFO">Slept 5 seconds.</msg>
<arg>5</arg>
<doc>Pauses the test executed for the given time.</doc>
<status status="PASS" start="2025-02-18T13:15:19.977854" elapsed="5.001194"/>
</kw>
<kw name="Wait Until Page Contains Element" owner="SeleniumLibrary">
<arg>${AddtoBagCTA}</arg>
<doc>Waits until the element ``locator`` appears on the current page.</doc>
<status status="PASS" start="2025-02-18T13:15:24.979328" elapsed="0.006947"/>
</kw>
<kw name="Element Should Be Visible" owner="SeleniumLibrary">
<msg time="2025-02-18T13:15:24.993462" level="INFO">Element '//button[@class='button button--primary flex-1 whitespace-nowrap']' is displayed.</msg>
<arg>${AddtoBagCTA}</arg>
<doc>Verifies that the element identified by ``locator`` is visible.</doc>
<status status="PASS" start="2025-02-18T13:15:24.986452" elapsed="0.007077"/>
</kw>
<kw name="Click Element" owner="SeleniumLibrary">
<msg time="2025-02-18T13:15:24.993820" level="INFO">Clicking element '//button[@class='button button--primary flex-1 whitespace-nowrap']'.</msg>
<arg>${AddtoBagCTA}</arg>
<doc>Click the element identified by ``locator``.</doc>
<status status="PASS" start="2025-02-18T13:15:24.993661" elapsed="0.173381"/>
</kw>
<kw name="Capture Page Screenshot" owner="SeleniumLibrary">
<msg time="2025-02-18T13:15:25.459338" level="INFO" html="true">&lt;/td&gt;&lt;/tr&gt;&lt;tr&gt;&lt;td colspan="3"&gt;&lt;a href="selenium-screenshot-1.png"&gt;&lt;img src="selenium-screenshot-1.png" width="800px"&gt;&lt;/a&gt;</msg>
<doc>Takes a screenshot of the current page and embeds it into a log file.</doc>
<status status="PASS" start="2025-02-18T13:15:25.167354" elapsed="0.292057"/>
</kw>
<status status="PASS" start="2025-02-18T13:15:17.905491" elapsed="7.553988"/>
</kw>
<kw name="Sleep" owner="BuiltIn">
<msg time="2025-02-18T13:15:30.460149" level="INFO">Slept 5 seconds.</msg>
<arg>5</arg>
<doc>Pauses the test executed for the given time.</doc>
<status status="PASS" start="2025-02-18T13:15:25.459621" elapsed="5.000621"/>
</kw>
<kw name="Navigate From Cart to Checkout" owner="Checkout_TC001_Steps">
<kw name="Sleep" owner="BuiltIn">
<msg time="2025-02-18T13:15:35.462425" level="INFO">Slept 5 seconds.</msg>
<arg>5</arg>
<doc>Pauses the test executed for the given time.</doc>
<status status="PASS" start="2025-02-18T13:15:30.461208" elapsed="5.001483"/>
</kw>
<kw name="Execute Javascript" owner="SeleniumLibrary">
<msg time="2025-02-18T13:15:35.463338" level="INFO">Executing JavaScript:
window.scrollTo(0, document.body.scrollHeight)
Without any arguments.</msg>
<arg>window.scrollTo(0, document.body.scrollHeight)</arg>
<doc>Executes the given JavaScript code with possible arguments.</doc>
<status status="PASS" start="2025-02-18T13:15:35.462845" elapsed="0.010699"/>
</kw>
<kw name="Scroll Element Into View" owner="SeleniumLibrary">
<arg>${CheckoutCTA}</arg>
<doc>Scrolls the element identified by ``locator`` into view.</doc>
<status status="PASS" start="2025-02-18T13:15:35.473783" elapsed="0.273990"/>
</kw>
<kw name="Wait Until Element Is Visible" owner="SeleniumLibrary">
<arg>${CheckoutCTA}</arg>
<doc>Waits until the element ``locator`` is visible.</doc>
<status status="PASS" start="2025-02-18T13:15:35.747925" elapsed="0.007053"/>
</kw>
<kw name="Click Element" owner="SeleniumLibrary">
<msg time="2025-02-18T13:15:35.755293" level="INFO">Clicking element '//a[@id='cart-checkout-button']'.</msg>
<arg>${CheckoutCTA}</arg>
<doc>Click the element identified by ``locator``.</doc>
<status status="PASS" start="2025-02-18T13:15:35.755108" elapsed="0.028566"/>
</kw>
<status status="PASS" start="2025-02-18T13:15:30.460784" elapsed="5.322984"/>
</kw>
<kw name="Enter New Account Email on Checkout" owner="Checkout_TC002_Steps">
<kw name="Sleep" owner="BuiltIn">
<msg time="2025-02-18T13:15:40.785708" level="INFO">Slept 5 seconds.</msg>
<arg>5</arg>
<doc>Pauses the test executed for the given time.</doc>
<status status="PASS" start="2025-02-18T13:15:35.784397" elapsed="5.002265"/>
</kw>
<kw name="Scroll Element Into View" owner="SeleniumLibrary">
<arg>locator=${ContactEmail}</arg>
<doc>Scrolls the element identified by ``locator`` into view.</doc>
<status status="PASS" start="2025-02-18T13:15:40.788529" elapsed="1.839104"/>
</kw>
<kw name="Wait Until Element Is Visible" owner="SeleniumLibrary">
<arg>${ContactEmail}</arg>
<arg>timeout=10s</arg>
<doc>Waits until the element ``locator`` is visible.</doc>
<status status="PASS" start="2025-02-18T13:15:42.627875" elapsed="0.013010"/>
</kw>
<kw name="Wait Until Element Is Enabled" owner="SeleniumLibrary">
<arg>${ContactEmail}</arg>
<arg>10</arg>
<doc>Waits until the element ``locator`` is enabled.</doc>
<status status="PASS" start="2025-02-18T13:15:42.641088" elapsed="0.016703"/>
</kw>
<kw name="Input Text" owner="SeleniumLibrary">
<msg time="2025-02-18T13:15:42.658496" level="INFO">Typing text 'testpurchase1@yopmail.com' into text field '//input[@id='email']'.</msg>
<arg>${ContactEmail}</arg>
<arg>${CheckoutEmail}</arg>
<doc>Types the given ``text`` into the text field identified by ``locator``.</doc>
<status status="PASS" start="2025-02-18T13:15:42.658092" elapsed="0.232802"/>
</kw>
<arg>${CheckoutEmail}</arg>
<status status="PASS" start="2025-02-18T13:15:35.783963" elapsed="7.107026"/>
</kw>
<kw name="Enter First Name on Checkout" owner="Checkout_TC002_Steps">
<kw name="Sleep" owner="BuiltIn">
<msg time="2025-02-18T13:15:47.894235" level="INFO">Slept 5 seconds.</msg>
<arg>5</arg>
<doc>Pauses the test executed for the given time.</doc>
<status status="PASS" start="2025-02-18T13:15:42.891864" elapsed="5.002515"/>
</kw>
<kw name="Wait Until Element Is Enabled" owner="SeleniumLibrary">
<arg>${FirstName}</arg>
<arg>5</arg>
<doc>Waits until the element ``locator`` is enabled.</doc>
<status status="PASS" start="2025-02-18T13:15:47.894685" elapsed="0.018077"/>
</kw>
<kw name="Scroll Element Into View" owner="SeleniumLibrary">
<arg>locator=${Firstname}</arg>
<doc>Scrolls the element identified by ``locator`` into view.</doc>
<status status="PASS" start="2025-02-18T13:15:47.913028" elapsed="0.265714"/>
</kw>
<kw name="Input Text" owner="SeleniumLibrary">
<msg time="2025-02-18T13:15:48.179182" level="INFO">Typing text 'Test' into text field '//div[@id='shippingAddressForm']//div[@class='_1ip0g651 _1ip0g650 _1fragemlj _1fragem3w _1fragem5p _1fragem2s']//input[@name='firstName']'.</msg>
<arg>${Firstname}</arg>
<arg>${FName}</arg>
<doc>Types the given ``text`` into the text field identified by ``locator``.</doc>
<status status="PASS" start="2025-02-18T13:15:48.178880" elapsed="0.239456"/>
</kw>
<arg>FName=${FName}</arg>
<status status="PASS" start="2025-02-18T13:15:42.891152" elapsed="5.527310"/>
</kw>
<kw name="Enter Last Name on Checkout" owner="Checkout_TC002_Steps">
<kw name="Sleep" owner="BuiltIn">
<msg time="2025-02-18T13:15:53.420603" level="INFO">Slept 5 seconds.</msg>
<arg>5</arg>
<doc>Pauses the test executed for the given time.</doc>
<status status="PASS" start="2025-02-18T13:15:48.418819" elapsed="5.003267"/>
</kw>
<kw name="Scroll Element Into View" owner="SeleniumLibrary">
<arg>locator=${Lastname}</arg>
<doc>Scrolls the element identified by ``locator`` into view.</doc>
<status status="PASS" start="2025-02-18T13:15:53.423226" elapsed="0.277729"/>
</kw>
<kw name="Wait Until Element Is Visible" owner="SeleniumLibrary">
<arg>${Lastname}</arg>
<arg>timeout=10s</arg>
<doc>Waits until the element ``locator`` is visible.</doc>
<status status="PASS" start="2025-02-18T13:15:53.701259" elapsed="0.010310"/>
</kw>
<kw name="Wait Until Element Is Enabled" owner="SeleniumLibrary">
<arg>${Lastname}</arg>
<arg>10</arg>
<doc>Waits until the element ``locator`` is enabled.</doc>
<status status="PASS" start="2025-02-18T13:15:53.711812" elapsed="0.017041"/>
</kw>
<kw name="Input Text" owner="SeleniumLibrary">
<msg time="2025-02-18T13:15:53.729490" level="INFO">Typing text 'Tweet' into text field '//div[@id='shippingAddressForm']//div[@class='_1ip0g651 _1ip0g650 _1fragemlj _1fragem3w _1fragem5p _1fragem2s']//input[@name='lastName']'.</msg>
<arg>${Lastname}</arg>
<arg>${LName}</arg>
<doc>Types the given ``text`` into the text field identified by ``locator``.</doc>
<status status="PASS" start="2025-02-18T13:15:53.729141" elapsed="0.150612"/>
</kw>
<arg>${LName}</arg>
<status status="PASS" start="2025-02-18T13:15:48.418592" elapsed="5.461347"/>
</kw>
<kw name="Enter Street Address on Checkout" owner="Checkout_TC002_Steps">
<kw name="Sleep" owner="BuiltIn">
<msg time="2025-02-18T13:15:58.885420" level="INFO">Slept 5 seconds.</msg>
<arg>5</arg>
<doc>Pauses the test executed for the given time.</doc>
<status status="PASS" start="2025-02-18T13:15:53.883907" elapsed="5.001675"/>
</kw>
<kw name="Scroll Element Into View" owner="SeleniumLibrary">
<arg>locator=${AddressLine1}</arg>
<doc>Scrolls the element identified by ``locator`` into view.</doc>
<status status="PASS" start="2025-02-18T13:15:58.886009" elapsed="0.288231"/>
</kw>
<kw name="Wait Until Element Is Visible" owner="SeleniumLibrary">
<arg>${AddressLine1}</arg>
<arg>timeout=10s</arg>
<doc>Waits until the element ``locator`` is visible.</doc>
<status status="PASS" start="2025-02-18T13:15:59.175012" elapsed="0.024990"/>
</kw>
<kw name="Wait Until Element Is Enabled" owner="SeleniumLibrary">
<arg>${AddressLine1}</arg>
<arg>10</arg>
<doc>Waits until the element ``locator`` is enabled.</doc>
<status status="PASS" start="2025-02-18T13:15:59.200155" elapsed="0.029772"/>
</kw>
<kw name="Input Text" owner="SeleniumLibrary">
<msg time="2025-02-18T13:15:59.230632" level="INFO">Typing text '277 Gedney Hill Road' into text field '//div[@id='shippingAddressForm']//input[@class='_7ozb2uq _7ozb2up _1fragemlj _1fragemsv _1fragemof _1fragems1 _7ozb2ut _7ozb2us _1fragemsh _1fragemsc _1fragemsr _7ozb2uv _7ozb2uu _1fragemoz _1fragemp9 _7ozb2u11 _7ozb2u1h _7ozb2ur']'.</msg>
<arg>${AddressLine1}</arg>
<arg>${StreetAddress}</arg>
<doc>Types the given ``text`` into the text field identified by ``locator``.</doc>
<status status="PASS" start="2025-02-18T13:15:59.230187" elapsed="0.178411"/>
</kw>
<arg>${StreetAddress}</arg>
<status status="PASS" start="2025-02-18T13:15:53.882686" elapsed="5.526129"/>
</kw>
<kw name="Enter City on Checkout" owner="Checkout_TC002_Steps">
<kw name="Sleep" owner="BuiltIn">
<msg time="2025-02-18T13:16:04.410273" level="INFO">Slept 5 seconds.</msg>
<arg>5</arg>
<doc>Pauses the test executed for the given time.</doc>
<status status="PASS" start="2025-02-18T13:15:59.409321" elapsed="5.002055"/>
</kw>
<kw name="Scroll Element Into View" owner="SeleniumLibrary">
<arg>locator=${CityLine2}</arg>
<doc>Scrolls the element identified by ``locator`` into view.</doc>
<status status="PASS" start="2025-02-18T13:16:04.412430" elapsed="0.276821"/>
</kw>
<kw name="Wait Until Element Is Visible" owner="SeleniumLibrary">
<msg time="2025-02-18T13:16:05.355269" level="INFO" html="true">&lt;/td&gt;&lt;/tr&gt;&lt;tr&gt;&lt;td colspan="3"&gt;&lt;a href="selenium-screenshot-2.png"&gt;&lt;img src="selenium-screenshot-2.png" width="800px"&gt;&lt;/a&gt;</msg>
<msg time="2025-02-18T13:16:05.355800" level="FAIL">InvalidSelectorException: Message: invalid selector: Unable to locate an element with the xpath expression //div[@id='shippingAddressForm']//div[@class='_1ip0g651 _1ip0g650 _1fragemlj _1fragem3w _1fragem5p _1fragem2s']//input[@name='city'] timeout=10s because of the following error:
SyntaxError: Failed to execute 'evaluate' on 'Document': The string '//div[@id='shippingAddressForm']//div[@class='_1ip0g651 _1ip0g650 _1fragemlj _1fragem3w _1fragem5p _1fragem2s']//input[@name='city'] timeout=10s' is not a valid XPath expression.
  (Session info: chrome=133.0.6943.99); For documentation on this error, please visit: https://www.selenium.dev/documentation/webdriver/troubleshooting/errors#invalid-selector-exception
Stacktrace:
0   chromedriver                        0x0000000104796bac cxxbridge1$str$ptr + 2724820
1   chromedriver                        0x000000010478f20c cxxbridge1$str$ptr + 2693684
2   chromedriver                        0x00000001042f5afc cxxbridge1$string$len + 93348
3   chromedriver                        0x00000001042fb808 cxxbridge1$string$len + 117168
4   chromedriver                        0x00000001042fd8e0 cxxbridge1$string$len + 125576
5   chromedriver                        0x00000001042fd988 cxxbridge1$string$len + 125744
6   chromedriver                        0x000000010433c4f0 cxxbridge1$string$len + 382616
7   chromedriver                        0x000000010437db94 cxxbridge1$string$len + 650556
8   chromedriver                        0x0000000104330ba0 cxxbridge1$string$len + 335176
9   chromedriver                        0x000000010475f664 cxxbridge1$str$ptr + 2498188
10  chromedriver                        0x0000000104762978 cxxbridge1$str$ptr + 2511264
11  chromedriver                        0x0000000104744d04 cxxbridge1$str$ptr + 2389292
12  chromedriver                        0x0000000104763220 cxxbridge1$str$ptr + 2513480
13  chromedriver                        0x0000000104735cec cxxbridge1$str$ptr + 2327828
14  chromedriver                        0x000000010477f8d4 cxxbridge1$str$ptr + 2629884
15  chromedriver                        0x000000010477fa5c cxxbridge1$str$ptr + 2630276
16  chromedriver                        0x000000010478ee80 cxxbridge1$str$ptr + 2692776
17  libsystem_pthread.dylib             0x00000001893b5f94 _pthread_start + 136
18  libsystem_pthread.dylib             0x00000001893b0d34 thread_start + 8
</msg>
<arg>${CityLine2} timeout=10s</arg>
<doc>Waits until the element ``locator`` is visible.</doc>
<status status="FAIL" start="2025-02-18T13:16:04.689606" elapsed="1.604492">InvalidSelectorException: Message: invalid selector: Unable to locate an element with the xpath expression //div[@id='shippingAddressForm']//div[@class='_1ip0g651 _1ip0g650 _1fragemlj _1fragem3w _1fragem5p _1fragem2s']//input[@name='city'] timeout=10s because of the following error:
SyntaxError: Failed to execute 'evaluate' on 'Document': The string '//div[@id='shippingAddressForm']//div[@class='_1ip0g651 _1ip0g650 _1fragemlj _1fragem3w _1fragem5p _1fragem2s']//input[@name='city'] timeout=10s' is not a valid XPath expression.
  (Session info: chrome=133.0.6943.99); For documentation on this error, please visit: https://www.selenium.dev/documentation/webdriver/troubleshooting/errors#invalid-selector-exception
Stacktrace:
0   chromedriver                        0x0000000104796bac cxxbridge1$str$ptr + 2724820
1   chromedriver                        0x000000010478f20c cxxbridge1$str$ptr + 2693684
2   chromedriver                        0x00000001042f5afc cxxbridge1$string$len + 93348
3   chromedriver                        0x00000001042fb808 cxxbridge1$string$len + 117168
    [ Message content over the limit has been removed. ]
...er                        0x0000000104330ba0 cxxbridge1$string$len + 335176
9   chromedriver                        0x000000010475f664 cxxbridge1$str$ptr + 2498188
10  chromedriver                        0x0000000104762978 cxxbridge1$str$ptr + 2511264
11  chromedriver                        0x0000000104744d04 cxxbridge1$str$ptr + 2389292
12  chromedriver                        0x0000000104763220 cxxbridge1$str$ptr + 2513480
13  chromedriver                        0x0000000104735cec cxxbridge1$str$ptr + 2327828
14  chromedriver                        0x000000010477f8d4 cxxbridge1$str$ptr + 2629884
15  chromedriver                        0x000000010477fa5c cxxbridge1$str$ptr + 2630276
16  chromedriver                        0x000000010478ee80 cxxbridge1$str$ptr + 2692776
17  libsystem_pthread.dylib             0x00000001893b5f94 _pthread_start + 136
18  libsystem_pthread.dylib             0x00000001893b0d34 thread_start + 8</status>
</kw>
<kw name="Wait Until Element Is Enabled" owner="SeleniumLibrary">
<arg>${CityLine2}</arg>
<arg>10</arg>
<doc>Waits until the element ``locator`` is enabled.</doc>
<status status="NOT RUN" start="2025-02-18T13:16:06.298889" elapsed="0.000235"/>
</kw>
<kw name="Input Text" owner="SeleniumLibrary">
<arg>${CityLine2}</arg>
<arg>${City}</arg>
<doc>Types the given ``text`` into the text field identified by ``locator``.</doc>
<status status="NOT RUN" start="2025-02-18T13:16:06.299692" elapsed="0.000127"/>
</kw>
<arg>${City}</arg>
<status status="FAIL" start="2025-02-18T13:15:59.409052" elapsed="6.891192">InvalidSelectorException: Message: invalid selector: Unable to locate an element with the xpath expression //div[@id='shippingAddressForm']//div[@class='_1ip0g651 _1ip0g650 _1fragemlj _1fragem3w _1fragem5p _1fragem2s']//input[@name='city'] timeout=10s because of the following error:
SyntaxError: Failed to execute 'evaluate' on 'Document': The string '//div[@id='shippingAddressForm']//div[@class='_1ip0g651 _1ip0g650 _1fragemlj _1fragem3w _1fragem5p _1fragem2s']//input[@name='city'] timeout=10s' is not a valid XPath expression.
  (Session info: chrome=133.0.6943.99); For documentation on this error, please visit: https://www.selenium.dev/documentation/webdriver/troubleshooting/errors#invalid-selector-exception
Stacktrace:
0   chromedriver                        0x0000000104796bac cxxbridge1$str$ptr + 2724820
1   chromedriver                        0x000000010478f20c cxxbridge1$str$ptr + 2693684
2   chromedriver                        0x00000001042f5afc cxxbridge1$string$len + 93348
3   chromedriver                        0x00000001042fb808 cxxbridge1$string$len + 117168
    [ Message content over the limit has been removed. ]
...er                        0x0000000104330ba0 cxxbridge1$string$len + 335176
9   chromedriver                        0x000000010475f664 cxxbridge1$str$ptr + 2498188
10  chromedriver                        0x0000000104762978 cxxbridge1$str$ptr + 2511264
11  chromedriver                        0x0000000104744d04 cxxbridge1$str$ptr + 2389292
12  chromedriver                        0x0000000104763220 cxxbridge1$str$ptr + 2513480
13  chromedriver                        0x0000000104735cec cxxbridge1$str$ptr + 2327828
14  chromedriver                        0x000000010477f8d4 cxxbridge1$str$ptr + 2629884
15  chromedriver                        0x000000010477fa5c cxxbridge1$str$ptr + 2630276
16  chromedriver                        0x000000010478ee80 cxxbridge1$str$ptr + 2692776
17  libsystem_pthread.dylib             0x00000001893b5f94 _pthread_start + 136
18  libsystem_pthread.dylib             0x00000001893b0d34 thread_start + 8</status>
</kw>
<kw name="Enter Zip Code on Checkout" owner="Checkout_TC002_Steps">
<arg>${ZipCode}</arg>
<status status="NOT RUN" start="2025-02-18T13:16:06.301163" elapsed="0.000174"/>
</kw>
<kw name="Enter Phone Number on Checkout" owner="Checkout_TC002_Steps">
<arg>${Phone}</arg>
<status status="NOT RUN" start="2025-02-18T13:16:06.301713" elapsed="0.000051"/>
</kw>
<kw name="Validate Shipping Method" owner="Checkout_TC002_Steps">
<status status="NOT RUN" start="2025-02-18T13:16:06.302335" elapsed="0.000127"/>
</kw>
<kw name="Validate Payment Information" owner="Checkout_TC002_Steps">
<status status="NOT RUN" start="2025-02-18T13:16:06.302654" elapsed="0.000074"/>
</kw>
<kw name="Validate Terms &amp; Pay Now Section" owner="Checkout_TC002_Steps">
<status status="NOT RUN" start="2025-02-18T13:16:06.302904" elapsed="0.000069"/>
</kw>
<kw name="Close Browser" owner="SeleniumLibrary" type="TEARDOWN">
<doc>Closes the current browser.</doc>
<status status="PASS" start="2025-02-18T13:16:06.303513" elapsed="1.196349"/>
</kw>
<status status="FAIL" start="2025-02-18T13:14:48.176752" elapsed="79.323184">InvalidSelectorException: Message: invalid selector: Unable to locate an element with the xpath expression //div[@id='shippingAddressForm']//div[@class='_1ip0g651 _1ip0g650 _1fragemlj _1fragem3w _1fragem5p _1fragem2s']//input[@name='city'] timeout=10s because of the following error:
SyntaxError: Failed to execute 'evaluate' on 'Document': The string '//div[@id='shippingAddressForm']//div[@class='_1ip0g651 _1ip0g650 _1fragemlj _1fragem3w _1fragem5p _1fragem2s']//input[@name='city'] timeout=10s' is not a valid XPath expression.
  (Session info: chrome=133.0.6943.99); For documentation on this error, please visit: https://www.selenium.dev/documentation/webdriver/troubleshooting/errors#invalid-selector-exception
Stacktrace:
0   chromedriver                        0x0000000104796bac cxxbridge1$str$ptr + 2724820
1   chromedriver                        0x000000010478f20c cxxbridge1$str$ptr + 2693684
2   chromedriver                        0x00000001042f5afc cxxbridge1$string$len + 93348
3   chromedriver                        0x00000001042fb808 cxxbridge1$string$len + 117168
    [ Message content over the limit has been removed. ]
...er                        0x0000000104330ba0 cxxbridge1$string$len + 335176
9   chromedriver                        0x000000010475f664 cxxbridge1$str$ptr + 2498188
10  chromedriver                        0x0000000104762978 cxxbridge1$str$ptr + 2511264
11  chromedriver                        0x0000000104744d04 cxxbridge1$str$ptr + 2389292
12  chromedriver                        0x0000000104763220 cxxbridge1$str$ptr + 2513480
13  chromedriver                        0x0000000104735cec cxxbridge1$str$ptr + 2327828
14  chromedriver                        0x000000010477f8d4 cxxbridge1$str$ptr + 2629884
15  chromedriver                        0x000000010477fa5c cxxbridge1$str$ptr + 2630276
16  chromedriver                        0x000000010478ee80 cxxbridge1$str$ptr + 2692776
17  libsystem_pthread.dylib             0x00000001893b5f94 _pthread_start + 136
18  libsystem_pthread.dylib             0x00000001893b0d34 thread_start + 8</status>
</test>
<status status="FAIL" start="2025-02-18T13:14:48.095437" elapsed="79.404916"/>
</suite>
<status status="FAIL" start="2025-02-18T13:14:48.094798" elapsed="79.405944"/>
</suite>
<status status="FAIL" start="2025-02-18T13:14:48.088138" elapsed="79.412995"/>
</suite>
<statistics>
<total>
<stat pass="0" fail="1" skip="0">All Tests</stat>
</total>
<tag>
</tag>
<suite>
<stat pass="0" fail="1" skip="0" id="s1" name="Tests">Tests</stat>
<stat pass="0" fail="1" skip="0" id="s1-s1" name="Checkout">Tests.Checkout</stat>
<stat pass="0" fail="1" skip="0" id="s1-s1-s1" name="Checkout TC002 Tests">Tests.Checkout.Checkout TC002 Tests</stat>
</suite>
</statistics>
<errors>
<msg time="2025-02-18T13:14:48.169075" level="ERROR">Error in file '/Users/angeline.rohan/Desktop/QA Automation_Thinx.robot.py/ThinxAutomation1/Thinx-Automation1/steps/PDP/PDP_TC004_Steps.robot' on line 4: Setting 'Suite Setup' is not allowed in resource file.</msg>
</errors>
</robot>
