<?xml version="1.0" encoding="UTF-8"?>
<robot generator="Robot 7.1.1 (Python 3.13.1 on darwin)" generated="2025-02-18T13:17:51.188817" rpa="false" schemaversion="5">
<suite id="s1" name="Tests" source="/Users/angeline.rohan/Desktop/QA Automation_Thinx.robot.py/ThinxAutomation1/Thinx-Automation1/tests">
<suite id="s1-s1" name="Registration" source="/Users/angeline.rohan/Desktop/QA Automation_Thinx.robot.py/ThinxAutomation1/Thinx-Automation1/tests/Registration">
<suite id="s1-s1-s1" name="Registration TC001 Test" source="/Users/angeline.rohan/Desktop/QA Automation_Thinx.robot.py/ThinxAutomation1/Thinx-Automation1/tests/Registration/Registration_TC001_Test.robot">
<test id="s1-s1-s1-t1" name="Registration of Thinx" line="16">
<kw name="Open Thinx Homepage Using Chrome Browser" owner="resources" type="SETUP">
<kw name="Open Browser" owner="SeleniumLibrary">
<msg time="2025-02-18T13:17:51.572635" level="INFO">Opening browser 'Chrome' to base url 'https://www.thinx.com/'.</msg>
<arg>${ThinxHomepage}</arg>
<arg>Chrome</arg>
<doc>Opens a new browser instance to the optional ``url``.</doc>
<status status="PASS" start="2025-02-18T13:17:51.572106" elapsed="3.654892"/>
</kw>
<kw name="Maximize Browser Window" owner="SeleniumLibrary">
<doc>Maximizes current browser window.</doc>
<status status="PASS" start="2025-02-18T13:17:55.229063" elapsed="4.772600"/>
</kw>
<status status="PASS" start="2025-02-18T13:17:51.571082" elapsed="8.430732"/>
</kw>
<kw name="Registration Page Opened" owner="Registration_TC001_Pages">
<kw name="Wait Until Element Is Visible" owner="SeleniumLibrary">
<arg>${SignInNav}</arg>
<doc>Waits until the element ``locator`` is visible.</doc>
<status status="PASS" start="2025-02-18T13:18:00.002571" elapsed="0.022522"/>
</kw>
<kw name="Set Focus To Element" owner="SeleniumLibrary">
<arg>${SignInNav}</arg>
<doc>Sets the focus to the element identified by ``locator``.</doc>
<status status="PASS" start="2025-02-18T13:18:00.025235" elapsed="0.024376"/>
</kw>
<kw name="Click Element" owner="SeleniumLibrary">
<msg time="2025-02-18T13:18:00.050597" level="INFO">Clicking element '//header[@class='flex justify-between items-center px-3 h-[3.25rem] lg:h-14.5 lg:px-8 bg-white border-b border-b-brand-tangerine']//a[contains(.,'Sign in')]'.</msg>
<arg>${SignInNav}</arg>
<doc>Click the element identified by ``locator``.</doc>
<status status="PASS" start="2025-02-18T13:18:00.049959" elapsed="0.079076"/>
</kw>
<kw name="Sleep" owner="BuiltIn">
<msg time="2025-02-18T13:18:05.131635" level="INFO">Slept 5 seconds.</msg>
<arg>5</arg>
<doc>Pauses the test executed for the given time.</doc>
<status status="PASS" start="2025-02-18T13:18:00.129258" elapsed="5.002482"/>
</kw>
<kw name="Wait Until Element Is Visible" owner="SeleniumLibrary">
<arg>${CreateAccountLink}</arg>
<doc>Waits until the element ``locator`` is visible.</doc>
<status status="PASS" start="2025-02-18T13:18:05.131862" elapsed="0.015680"/>
</kw>
<kw name="Set Focus To Element" owner="SeleniumLibrary">
<arg>${CreateAccountLink}</arg>
<doc>Sets the focus to the element identified by ``locator``.</doc>
<status status="PASS" start="2025-02-18T13:18:05.147677" elapsed="0.010777"/>
</kw>
<kw name="Click Element" owner="SeleniumLibrary">
<msg time="2025-02-18T13:18:05.158730" level="INFO">Clicking element '//a[contains(.,'Create account')]'.</msg>
<msg time="2025-02-18T13:18:06.401339" level="INFO" html="true">&lt;/td&gt;&lt;/tr&gt;&lt;tr&gt;&lt;td colspan="3"&gt;&lt;a href="../../results/selenium-screenshot-297.png"&gt;&lt;img src="../../results/selenium-screenshot-297.png" width="800px"&gt;&lt;/a&gt;</msg>
<msg time="2025-02-18T13:18:06.401538" level="FAIL">ElementClickInterceptedException: Message: element click intercepted: Element &lt;a class="block mx-auto text-link w-fit link" href="/account/register"&gt;...&lt;/a&gt; is not clickable at point (748, 642). Other element would receive the click: &lt;div id="onetrust-group-container" class="ot-sdk-eight ot-sdk-columns"&gt;...&lt;/div&gt;
  (Session info: chrome=133.0.6943.99)
Stacktrace:
0   chromedriver                        0x0000000103396bac cxxbridge1$str$ptr + 2724820
1   chromedriver                        0x000000010338f20c cxxbridge1$str$ptr + 2693684
2   chromedriver                        0x0000000102ef5afc cxxbridge1$string$len + 93348
3   chromedriver                        0x0000000102f42398 cxxbridge1$string$len + 406848
4   chromedriver                        0x0000000102f40928 cxxbridge1$string$len + 400080
5   chromedriver                        0x0000000102f3e73c cxxbridge1$string$len + 391396
6   chromedriver                        0x0000000102f3db38 cxxbridge1$string$len + 388320
7   chromedriver                        0x0000000102f32630 cxxbridge1$string$len + 341976
8   chromedriver                        0x0000000102f320bc cxxbridge1$string$len + 340580
9   chromedriver                        0x0000000102f7db94 cxxbridge1$string$len + 650556
10  chromedriver                        0x0000000102f30ba0 cxxbridge1$string$len + 335176
11  chromedriver                        0x000000010335f664 cxxbridge1$str$ptr + 2498188
12  chromedriver                        0x0000000103362978 cxxbridge1$str$ptr + 2511264
13  chromedriver                        0x0000000103344d04 cxxbridge1$str$ptr + 2389292
14  chromedriver                        0x0000000103363220 cxxbridge1$str$ptr + 2513480
15  chromedriver                        0x0000000103335cec cxxbridge1$str$ptr + 2327828
16  chromedriver                        0x000000010337f8d4 cxxbridge1$str$ptr + 2629884
17  chromedriver                        0x000000010337fa5c cxxbridge1$str$ptr + 2630276
18  chromedriver                        0x000000010338ee80 cxxbridge1$str$ptr + 2692776
19  libsystem_pthread.dylib             0x00000001893b5f94 _pthread_start + 136
20  libsystem_pthread.dylib             0x00000001893b0d34 thread_start + 8
</msg>
<arg>${CreateAccountLink}</arg>
<doc>Click the element identified by ``locator``.</doc>
<status status="FAIL" start="2025-02-18T13:18:05.158572" elapsed="1.245276">ElementClickInterceptedException: Message: element click intercepted: Element &lt;a class="block mx-auto text-link w-fit link" href="/account/register"&gt;...&lt;/a&gt; is not clickable at point (748, 642). Other element would receive the click: &lt;div id="onetrust-group-container" class="ot-sdk-eight ot-sdk-columns"&gt;...&lt;/div&gt;
  (Session info: chrome=133.0.6943.99)
Stacktrace:
0   chromedriver                        0x0000000103396bac cxxbridge1$str$ptr + 2724820
1   chromedriver                        0x000000010338f20c cxxbridge1$str$ptr + 2693684
2   chromedriver                        0x0000000102ef5afc cxxbridge1$string$len + 93348
3   chromedriver                        0x0000000102f42398 cxxbridge1$string$len + 406848
4   chromedriver                        0x0000000102f40928 cxxbridge1$string$len + 400080
5   chromedriver                        0x0000000102f3e73c cxxbridge1$string$len + 391396
6   chromedriver                        0x0000000102f3db38 cxxbridge1$strin...
    [ Message content over the limit has been removed. ]
...er                        0x0000000102f30ba0 cxxbridge1$string$len + 335176
11  chromedriver                        0x000000010335f664 cxxbridge1$str$ptr + 2498188
12  chromedriver                        0x0000000103362978 cxxbridge1$str$ptr + 2511264
13  chromedriver                        0x0000000103344d04 cxxbridge1$str$ptr + 2389292
14  chromedriver                        0x0000000103363220 cxxbridge1$str$ptr + 2513480
15  chromedriver                        0x0000000103335cec cxxbridge1$str$ptr + 2327828
16  chromedriver                        0x000000010337f8d4 cxxbridge1$str$ptr + 2629884
17  chromedriver                        0x000000010337fa5c cxxbridge1$str$ptr + 2630276
18  chromedriver                        0x000000010338ee80 cxxbridge1$str$ptr + 2692776
19  libsystem_pthread.dylib             0x00000001893b5f94 _pthread_start + 136
20  libsystem_pthread.dylib             0x00000001893b0d34 thread_start + 8</status>
</kw>
<status status="FAIL" start="2025-02-18T13:18:00.002166" elapsed="6.401870">ElementClickInterceptedException: Message: element click intercepted: Element &lt;a class="block mx-auto text-link w-fit link" href="/account/register"&gt;...&lt;/a&gt; is not clickable at point (748, 642). Other element would receive the click: &lt;div id="onetrust-group-container" class="ot-sdk-eight ot-sdk-columns"&gt;...&lt;/div&gt;
  (Session info: chrome=133.0.6943.99)
Stacktrace:
0   chromedriver                        0x0000000103396bac cxxbridge1$str$ptr + 2724820
1   chromedriver                        0x000000010338f20c cxxbridge1$str$ptr + 2693684
2   chromedriver                        0x0000000102ef5afc cxxbridge1$string$len + 93348
3   chromedriver                        0x0000000102f42398 cxxbridge1$string$len + 406848
4   chromedriver                        0x0000000102f40928 cxxbridge1$string$len + 400080
5   chromedriver                        0x0000000102f3e73c cxxbridge1$string$len + 391396
6   chromedriver                        0x0000000102f3db38 cxxbridge1$strin...
    [ Message content over the limit has been removed. ]
...er                        0x0000000102f30ba0 cxxbridge1$string$len + 335176
11  chromedriver                        0x000000010335f664 cxxbridge1$str$ptr + 2498188
12  chromedriver                        0x0000000103362978 cxxbridge1$str$ptr + 2511264
13  chromedriver                        0x0000000103344d04 cxxbridge1$str$ptr + 2389292
14  chromedriver                        0x0000000103363220 cxxbridge1$str$ptr + 2513480
15  chromedriver                        0x0000000103335cec cxxbridge1$str$ptr + 2327828
16  chromedriver                        0x000000010337f8d4 cxxbridge1$str$ptr + 2629884
17  chromedriver                        0x000000010337fa5c cxxbridge1$str$ptr + 2630276
18  chromedriver                        0x000000010338ee80 cxxbridge1$str$ptr + 2692776
19  libsystem_pthread.dylib             0x00000001893b5f94 _pthread_start + 136
20  libsystem_pthread.dylib             0x00000001893b0d34 thread_start + 8</status>
</kw>
<kw name="Sleep" owner="BuiltIn">
<arg>5</arg>
<doc>Pauses the test executed for the given time.</doc>
<status status="NOT RUN" start="2025-02-18T13:18:06.404254" elapsed="0.000031"/>
</kw>
<kw name="Validate all the fields" owner="Registration_TC001_Pages">
<status status="NOT RUN" start="2025-02-18T13:18:06.404393" elapsed="0.000024"/>
</kw>
<kw name="Close Browser" owner="SeleniumLibrary" type="TEARDOWN">
<doc>Closes the current browser.</doc>
<status status="PASS" start="2025-02-18T13:18:06.404556" elapsed="0.219013"/>
</kw>
<status status="FAIL" start="2025-02-18T13:17:51.570322" elapsed="15.053332">ElementClickInterceptedException: Message: element click intercepted: Element &lt;a class="block mx-auto text-link w-fit link" href="/account/register"&gt;...&lt;/a&gt; is not clickable at point (748, 642). Other element would receive the click: &lt;div id="onetrust-group-container" class="ot-sdk-eight ot-sdk-columns"&gt;...&lt;/div&gt;
  (Session info: chrome=133.0.6943.99)
Stacktrace:
0   chromedriver                        0x0000000103396bac cxxbridge1$str$ptr + 2724820
1   chromedriver                        0x000000010338f20c cxxbridge1$str$ptr + 2693684
2   chromedriver                        0x0000000102ef5afc cxxbridge1$string$len + 93348
3   chromedriver                        0x0000000102f42398 cxxbridge1$string$len + 406848
4   chromedriver                        0x0000000102f40928 cxxbridge1$string$len + 400080
5   chromedriver                        0x0000000102f3e73c cxxbridge1$string$len + 391396
6   chromedriver                        0x0000000102f3db38 cxxbridge1$strin...
    [ Message content over the limit has been removed. ]
...er                        0x0000000102f30ba0 cxxbridge1$string$len + 335176
11  chromedriver                        0x000000010335f664 cxxbridge1$str$ptr + 2498188
12  chromedriver                        0x0000000103362978 cxxbridge1$str$ptr + 2511264
13  chromedriver                        0x0000000103344d04 cxxbridge1$str$ptr + 2389292
14  chromedriver                        0x0000000103363220 cxxbridge1$str$ptr + 2513480
15  chromedriver                        0x0000000103335cec cxxbridge1$str$ptr + 2327828
16  chromedriver                        0x000000010337f8d4 cxxbridge1$str$ptr + 2629884
17  chromedriver                        0x000000010337fa5c cxxbridge1$str$ptr + 2630276
18  chromedriver                        0x000000010338ee80 cxxbridge1$str$ptr + 2692776
19  libsystem_pthread.dylib             0x00000001893b5f94 _pthread_start + 136
20  libsystem_pthread.dylib             0x00000001893b0d34 thread_start + 8</status>
</test>
<status status="FAIL" start="2025-02-18T13:17:51.228726" elapsed="15.395369"/>
</suite>
<status status="FAIL" start="2025-02-18T13:17:51.227558" elapsed="15.396866"/>
</suite>
<status status="FAIL" start="2025-02-18T13:17:51.212389" elapsed="15.412240"/>
</suite>
<statistics>
<total>
<stat pass="0" fail="1" skip="0">All Tests</stat>
</total>
<tag>
</tag>
<suite>
<stat pass="0" fail="1" skip="0" id="s1" name="Tests">Tests</stat>
<stat pass="0" fail="1" skip="0" id="s1-s1" name="Registration">Tests.Registration</stat>
<stat pass="0" fail="1" skip="0" id="s1-s1-s1" name="Registration TC001 Test">Tests.Registration.Registration TC001 Test</stat>
</suite>
</statistics>
<errors>
</errors>
</robot>
