<?xml version="1.0" encoding="UTF-8"?>
<robot generator="Robot 7.1.1 (Python 3.13.1 on darwin)" generated="2025-02-25T10:28:35.381850" rpa="false" schemaversion="5">
<suite id="s1" name="Tests" source="/Users/angeline.rohan/Desktop/QA Automation_Thinx.robot.py/ThinxAutomation1/Thinx-Automation1/tests">
<suite id="s1-s1" name="HomePage" source="/Users/angeline.rohan/Desktop/QA Automation_Thinx.robot.py/ThinxAutomation1/Thinx-Automation1/tests/HomePage">
<suite id="s1-s1-s1" name="HomePage TC002 Test" source="/Users/angeline.rohan/Desktop/QA Automation_Thinx.robot.py/ThinxAutomation1/Thinx-Automation1/tests/HomePage/HomePage_TC002_Test.robot">
<test id="s1-s1-s1-t1" name="Open Thinx Homepage Using Chrome Browser" line="13">
<kw name="Open Thinx Homepage Using Chrome Browser" owner="resources" type="SETUP">
<kw name="Open Browser" owner="SeleniumLibrary">
<msg time="2025-02-25T10:28:35.928679" level="INFO">Opening browser 'Chrome' to base url 'https://www.thinx.com/'.</msg>
<msg time="2025-02-25T10:28:44.587069" level="INFO">Cannot capture screenshot because no browser is open.</msg>
<msg time="2025-02-25T10:28:44.587379" level="FAIL">SessionNotCreatedException: Message: session not created: probably user data directory is already in use, please specify a unique value for --user-data-dir argument, or don't use --user-data-dir
Stacktrace:
0   chromedriver                        0x00000001007feb58 cxxbridge1$str$ptr + 2724820
1   chromedriver                        0x00000001007f71b8 cxxbridge1$str$ptr + 2693684
2   chromedriver                        0x000000010035dafc cxxbridge1$string$len + 93348
3   chromedriver                        0x0000000100390720 cxxbridge1$string$len + 301256
4   chromedriver                        0x000000010038cdec cxxbridge1$string$len + 286612
5   chromedriver                        0x00000001003d1efc cxxbridge1$string$len + 569508
6   chromedriver                        0x00000001003d1770 cxxbridge1$string$len + 567576
7   chromedriver                        0x0000000100398ba0 cxxbridge1$string$len + 335176
8   chromedriver                        0x00000001007c7610 cxxbridge1$str$ptr + 2498188
9   chromedriver                        0x00000001007ca924 cxxbridge1$str$ptr + 2511264
10  chromedriver                        0x00000001007accb0 cxxbridge1$str$ptr + 2389292
11  chromedriver                        0x00000001007cb1cc cxxbridge1$str$ptr + 2513480
12  chromedriver                        0x000000010079dc98 cxxbridge1$str$ptr + 2327828
13  chromedriver                        0x00000001007e7880 cxxbridge1$str$ptr + 2629884
14  chromedriver                        0x00000001007e7a08 cxxbridge1$str$ptr + 2630276
15  chromedriver                        0x00000001007f6e2c cxxbridge1$str$ptr + 2692776
16  libsystem_pthread.dylib             0x0000000190f79f94 _pthread_start + 136
17  libsystem_pthread.dylib             0x0000000190f74d34 thread_start + 8
</msg>
<arg>${ThinxHomepage}</arg>
<arg>Chrome</arg>
<doc>Opens a new browser instance to the optional ``url``.</doc>
<status status="FAIL" start="2025-02-25T10:28:35.928533" elapsed="8.665575">SessionNotCreatedException: Message: session not created: probably user data directory is already in use, please specify a unique value for --user-data-dir argument, or don't use --user-data-dir
Stacktrace:
0   chromedriver                        0x00000001007feb58 cxxbridge1$str$ptr + 2724820
1   chromedriver                        0x00000001007f71b8 cxxbridge1$str$ptr + 2693684
2   chromedriver                        0x000000010035dafc cxxbridge1$string$len + 93348
3   chromedriver                        0x0000000100390720 cxxbridge1$string$len + 301256
4   chromedriver                        0x000000010038cdec cxxbridge1$string$len + 286612
5   chromedriver                        0x00000001003d1efc cxxbridge1$string$len + 569508
6   chromedriver                        0x00000001003d1770 cxxbridge1$string$len + 567576
7   chromedriver                        0x0000000100398ba0 cxxbridge1$string$len + 335176
8   chromedriver                        0x00000001007c7610 cxxbridge1$str$ptr + 2498188
9   chromedriver                        0x00000001007ca924 cxxbridge1$str$ptr + 2511264
10  chromedriver                        0x00000001007accb0 cxxbridge1$str$ptr + 2389292
11  chromedriver                        0x00000001007cb1cc cxxbridge1$str$ptr + 2513480
12  chromedriver                        0x000000010079dc98 cxxbridge1$str$ptr + 2327828
13  chromedriver                        0x00000001007e7880 cxxbridge1$str$ptr + 2629884
14  chromedriver                        0x00000001007e7a08 cxxbridge1$str$ptr + 2630276
15  chromedriver                        0x00000001007f6e2c cxxbridge1$str$ptr + 2692776
16  libsystem_pthread.dylib             0x0000000190f79f94 _pthread_start + 136
17  libsystem_pthread.dylib             0x0000000190f74d34 thread_start + 8
</status>
</kw>
<kw name="Maximize Browser Window" owner="SeleniumLibrary">
<doc>Maximizes current browser window.</doc>
<status status="NOT RUN" start="2025-02-25T10:28:44.594966" elapsed="0.000111"/>
</kw>
<status status="FAIL" start="2025-02-25T10:28:35.928137" elapsed="8.667266">SessionNotCreatedException: Message: session not created: probably user data directory is already in use, please specify a unique value for --user-data-dir argument, or don't use --user-data-dir
Stacktrace:
0   chromedriver                        0x00000001007feb58 cxxbridge1$str$ptr + 2724820
1   chromedriver                        0x00000001007f71b8 cxxbridge1$str$ptr + 2693684
2   chromedriver                        0x000000010035dafc cxxbridge1$string$len + 93348
3   chromedriver                        0x0000000100390720 cxxbridge1$string$len + 301256
4   chromedriver                        0x000000010038cdec cxxbridge1$string$len + 286612
5   chromedriver                        0x00000001003d1efc cxxbridge1$string$len + 569508
6   chromedriver                        0x00000001003d1770 cxxbridge1$string$len + 567576
7   chromedriver                        0x0000000100398ba0 cxxbridge1$string$len + 335176
8   chromedriver                        0x00000001007c7610 cxxbridge1$str$ptr + 2498188
9   chromedriver                        0x00000001007ca924 cxxbridge1$str$ptr + 2511264
10  chromedriver                        0x00000001007accb0 cxxbridge1$str$ptr + 2389292
11  chromedriver                        0x00000001007cb1cc cxxbridge1$str$ptr + 2513480
12  chromedriver                        0x000000010079dc98 cxxbridge1$str$ptr + 2327828
13  chromedriver                        0x00000001007e7880 cxxbridge1$str$ptr + 2629884
14  chromedriver                        0x00000001007e7a08 cxxbridge1$str$ptr + 2630276
15  chromedriver                        0x00000001007f6e2c cxxbridge1$str$ptr + 2692776
16  libsystem_pthread.dylib             0x0000000190f79f94 _pthread_start + 136
17  libsystem_pthread.dylib             0x0000000190f74d34 thread_start + 8
</status>
</kw>
<kw name="Close Browser" owner="SeleniumLibrary" type="TEARDOWN">
<doc>Closes the current browser.</doc>
<status status="PASS" start="2025-02-25T10:28:44.595939" elapsed="0.000376"/>
</kw>
<status status="FAIL" start="2025-02-25T10:28:35.927752" elapsed="8.668667">Setup failed:
SessionNotCreatedException: Message: session not created: probably user data directory is already in use, please specify a unique value for --user-data-dir argument, or don't use --user-data-dir
Stacktrace:
0   chromedriver                        0x00000001007feb58 cxxbridge1$str$ptr + 2724820
1   chromedriver                        0x00000001007f71b8 cxxbridge1$str$ptr + 2693684
2   chromedriver                        0x000000010035dafc cxxbridge1$string$len + 93348
3   chromedriver                        0x0000000100390720 cxxbridge1$string$len + 301256
4   chromedriver                        0x000000010038cdec cxxbridge1$string$len + 286612
5   chromedriver                        0x00000001003d1efc cxxbridge1$string$len + 569508
6   chromedriver                        0x00000001003d1770 cxxbridge1$string$len + 567576
7   chromedriver                        0x0000000100398ba0 cxxbridge1$string$len + 335176
8   chromedriver                        0x00000001007c7610 cxxbridge1$str$ptr + 2498188
9   chromedriver                        0x00000001007ca924 cxxbridge1$str$ptr + 2511264
10  chromedriver                        0x00000001007accb0 cxxbridge1$str$ptr + 2389292
11  chromedriver                        0x00000001007cb1cc cxxbridge1$str$ptr + 2513480
12  chromedriver                        0x000000010079dc98 cxxbridge1$str$ptr + 2327828
13  chromedriver                        0x00000001007e7880 cxxbridge1$str$ptr + 2629884
14  chromedriver                        0x00000001007e7a08 cxxbridge1$str$ptr + 2630276
15  chromedriver                        0x00000001007f6e2c cxxbridge1$str$ptr + 2692776
16  libsystem_pthread.dylib             0x0000000190f79f94 _pthread_start + 136
17  libsystem_pthread.dylib             0x0000000190f74d34 thread_start + 8
</status>
</test>
<status status="FAIL" start="2025-02-25T10:28:35.418565" elapsed="9.178431"/>
</suite>
<status status="FAIL" start="2025-02-25T10:28:35.417423" elapsed="9.180326"/>
</suite>
<status status="FAIL" start="2025-02-25T10:28:35.407479" elapsed="9.190493"/>
</suite>
<statistics>
<total>
<stat pass="0" fail="1" skip="0">All Tests</stat>
</total>
<tag>
</tag>
<suite>
<stat pass="0" fail="1" skip="0" id="s1" name="Tests">Tests</stat>
<stat pass="0" fail="1" skip="0" id="s1-s1" name="HomePage">Tests.HomePage</stat>
<stat pass="0" fail="1" skip="0" id="s1-s1-s1" name="HomePage TC002 Test">Tests.HomePage.HomePage TC002 Test</stat>
</suite>
</statistics>
<errors>
</errors>
</robot>
